{"/home/legawa/Documents/Hacktiv8/Phase 3/Final_Project/server/app.js": {"path":"/home/legawa/Documents/Hacktiv8/Phase 3/Final_Project/server/app.js","statementMap":{"0":{"start":{"line":1,"column":0},"end":{"line":1,"column":68}},"1":{"start":{"line":1,"column":42},"end":{"line":1,"column":68}},"2":{"start":{"line":3,"column":16},"end":{"line":3,"column":34}},"3":{"start":{"line":4,"column":12},"end":{"line":4,"column":21}},"4":{"start":{"line":5,"column":13},"end":{"line":5,"column":37}},"5":{"start":{"line":7,"column":13},"end":{"line":7,"column":28}},"6":{"start":{"line":8,"column":15},"end":{"line":8,"column":40}},"7":{"start":{"line":10,"column":0},"end":{"line":10,"column":23}},"8":{"start":{"line":11,"column":0},"end":{"line":11,"column":47}},"9":{"start":{"line":12,"column":0},"end":{"line":12,"column":15}},"10":{"start":{"line":13,"column":0},"end":{"line":13,"column":20}},"11":{"start":{"line":18,"column":0},"end":{"line":21,"column":1}}},"fnMap":{},"branchMap":{"0":{"loc":{"start":{"line":1,"column":0},"end":{"line":1,"column":68}},"type":"if","locations":[{"start":{"line":1,"column":0},"end":{"line":1,"column":68}},{"start":{},"end":{}}],"line":1},"1":{"loc":{"start":{"line":5,"column":13},"end":{"line":5,"column":37}},"type":"binary-expr","locations":[{"start":{"line":5,"column":13},"end":{"line":5,"column":29}},{"start":{"line":5,"column":33},"end":{"line":5,"column":37}}],"line":5}},"s":{"0":1,"1":1,"2":1,"3":1,"4":1,"5":1,"6":1,"7":1,"8":1,"9":1,"10":1,"11":1},"f":{},"b":{"0":[1,0],"1":[1,0]},"_coverageSchema":"1a1c01bbd47fc00a2c39e90264f33305004495a9","hash":"d5ae02f218b7c322f7aa10c5e736743edefec516"}
,"/home/legawa/Documents/Hacktiv8/Phase 3/Final_Project/server/controllers/threadController.js": {"path":"/home/legawa/Documents/Hacktiv8/Phase 3/Final_Project/server/controllers/threadController.js","statementMap":{"0":{"start":{"line":1,"column":51},"end":{"line":1,"column":71}},"1":{"start":{"line":3,"column":34},"end":{"line":3,"column":66}},"2":{"start":{"line":8,"column":8},"end":{"line":17,"column":9}},"3":{"start":{"line":9,"column":33},"end":{"line":9,"column":43}},"4":{"start":{"line":11,"column":27},"end":{"line":11,"column":167}},"5":{"start":{"line":12,"column":12},"end":{"line":12,"column":85}},"6":{"start":{"line":12,"column":24},"end":{"line":12,"column":85}},"7":{"start":{"line":14,"column":12},"end":{"line":14,"column":28}},"8":{"start":{"line":16,"column":12},"end":{"line":16,"column":23}},"9":{"start":{"line":21,"column":8},"end":{"line":35,"column":9}},"10":{"start":{"line":22,"column":44},"end":{"line":22,"column":53}},"11":{"start":{"line":23,"column":26},"end":{"line":23,"column":27}},"12":{"start":{"line":24,"column":25},"end":{"line":24,"column":122}},"13":{"start":{"line":26,"column":12},"end":{"line":26,"column":93}},"14":{"start":{"line":26,"column":28},"end":{"line":26,"column":93}},"15":{"start":{"line":28,"column":12},"end":{"line":28,"column":50}},"16":{"start":{"line":28,"column":24},"end":{"line":28,"column":50}},"17":{"start":{"line":30,"column":28},"end":{"line":30,"column":56}},"18":{"start":{"line":32,"column":12},"end":{"line":32,"column":29}},"19":{"start":{"line":34,"column":12},"end":{"line":34,"column":23}},"20":{"start":{"line":39,"column":8},"end":{"line":51,"column":9}},"21":{"start":{"line":40,"column":27},"end":{"line":40,"column":35}},"22":{"start":{"line":41,"column":12},"end":{"line":41,"column":88}},"23":{"start":{"line":41,"column":26},"end":{"line":41,"column":88}},"24":{"start":{"line":42,"column":12},"end":{"line":42,"column":60}},"25":{"start":{"line":43,"column":35},"end":{"line":43,"column":38}},"26":{"start":{"line":44,"column":49},"end":{"line":44,"column":53}},"27":{"start":{"line":45,"column":33},"end":{"line":45,"column":37}},"28":{"start":{"line":47,"column":30},"end":{"line":47,"column":108}},"29":{"start":{"line":48,"column":12},"end":{"line":48,"column":43}},"30":{"start":{"line":50,"column":11},"end":{"line":50,"column":22}},"31":{"start":{"line":83,"column":8},"end":{"line":94,"column":9}},"32":{"start":{"line":84,"column":27},"end":{"line":84,"column":35}},"33":{"start":{"line":85,"column":33},"end":{"line":85,"column":43}},"34":{"start":{"line":87,"column":36},"end":{"line":87,"column":83}},"35":{"start":{"line":88,"column":12},"end":{"line":88,"column":93}},"36":{"start":{"line":88,"column":33},"end":{"line":88,"column":93}},"37":{"start":{"line":89,"column":26},"end":{"line":89,"column":103}},"38":{"start":{"line":89,"column":63},"end":{"line":89,"column":95}},"39":{"start":{"line":90,"column":29},"end":{"line":90,"column":107}},"40":{"start":{"line":90,"column":66},"end":{"line":90,"column":99}},"41":{"start":{"line":91,"column":12},"end":{"line":91,"column":41}},"42":{"start":{"line":93,"column":12},"end":{"line":93,"column":23}},"43":{"start":{"line":98,"column":8},"end":{"line":110,"column":9}},"44":{"start":{"line":99,"column":27},"end":{"line":99,"column":35}},"45":{"start":{"line":100,"column":33},"end":{"line":100,"column":43}},"46":{"start":{"line":101,"column":33},"end":{"line":101,"column":41}},"47":{"start":{"line":103,"column":38},"end":{"line":103,"column":97}},"48":{"start":{"line":104,"column":12},"end":{"line":104,"column":129}},"49":{"start":{"line":104,"column":47},"end":{"line":104,"column":129}},"50":{"start":{"line":106,"column":32},"end":{"line":106,"column":88}},"51":{"start":{"line":107,"column":12},"end":{"line":107,"column":45}},"52":{"start":{"line":109,"column":12},"end":{"line":109,"column":23}},"53":{"start":{"line":126,"column":8},"end":{"line":134,"column":9}},"54":{"start":{"line":127,"column":33},"end":{"line":127,"column":43}},"55":{"start":{"line":129,"column":35},"end":{"line":129,"column":81}},"56":{"start":{"line":130,"column":12},"end":{"line":130,"column":121}},"57":{"start":{"line":130,"column":32},"end":{"line":130,"column":121}},"58":{"start":{"line":131,"column":12},"end":{"line":131,"column":36}},"59":{"start":{"line":133,"column":12},"end":{"line":133,"column":23}},"60":{"start":{"line":138,"column":8},"end":{"line":147,"column":9}},"61":{"start":{"line":139,"column":27},"end":{"line":139,"column":35}},"62":{"start":{"line":140,"column":32},"end":{"line":140,"column":40}},"63":{"start":{"line":141,"column":33},"end":{"line":141,"column":43}},"64":{"start":{"line":143,"column":31},"end":{"line":143,"column":86}},"65":{"start":{"line":144,"column":12},"end":{"line":144,"column":44}},"66":{"start":{"line":146,"column":12},"end":{"line":146,"column":23}},"67":{"start":{"line":151,"column":0},"end":{"line":151,"column":33}}},"fnMap":{"0":{"name":"(anonymous_0)","decl":{"start":{"line":7,"column":4},"end":{"line":7,"column":5}},"loc":{"start":{"line":7,"column":43},"end":{"line":18,"column":5}},"line":7},"1":{"name":"(anonymous_1)","decl":{"start":{"line":20,"column":4},"end":{"line":20,"column":5}},"loc":{"start":{"line":20,"column":44},"end":{"line":36,"column":5}},"line":20},"2":{"name":"(anonymous_2)","decl":{"start":{"line":38,"column":4},"end":{"line":38,"column":5}},"loc":{"start":{"line":38,"column":44},"end":{"line":52,"column":5}},"line":38},"3":{"name":"(anonymous_3)","decl":{"start":{"line":82,"column":4},"end":{"line":82,"column":5}},"loc":{"start":{"line":82,"column":52},"end":{"line":95,"column":5}},"line":82},"4":{"name":"(anonymous_4)","decl":{"start":{"line":89,"column":49},"end":{"line":89,"column":50}},"loc":{"start":{"line":89,"column":63},"end":{"line":89,"column":95}},"line":89},"5":{"name":"(anonymous_5)","decl":{"start":{"line":90,"column":52},"end":{"line":90,"column":53}},"loc":{"start":{"line":90,"column":66},"end":{"line":90,"column":99}},"line":90},"6":{"name":"(anonymous_6)","decl":{"start":{"line":97,"column":4},"end":{"line":97,"column":5}},"loc":{"start":{"line":97,"column":46},"end":{"line":111,"column":5}},"line":97},"7":{"name":"(anonymous_7)","decl":{"start":{"line":125,"column":4},"end":{"line":125,"column":5}},"loc":{"start":{"line":125,"column":50},"end":{"line":135,"column":5}},"line":125},"8":{"name":"(anonymous_8)","decl":{"start":{"line":137,"column":4},"end":{"line":137,"column":5}},"loc":{"start":{"line":137,"column":41},"end":{"line":148,"column":5}},"line":137}},"branchMap":{"0":{"loc":{"start":{"line":12,"column":12},"end":{"line":12,"column":85}},"type":"if","locations":[{"start":{"line":12,"column":12},"end":{"line":12,"column":85}},{"start":{},"end":{}}],"line":12},"1":{"loc":{"start":{"line":26,"column":12},"end":{"line":26,"column":93}},"type":"if","locations":[{"start":{"line":26,"column":12},"end":{"line":26,"column":93}},{"start":{},"end":{}}],"line":26},"2":{"loc":{"start":{"line":28,"column":12},"end":{"line":28,"column":50}},"type":"if","locations":[{"start":{"line":28,"column":12},"end":{"line":28,"column":50}},{"start":{},"end":{}}],"line":28},"3":{"loc":{"start":{"line":41,"column":12},"end":{"line":41,"column":88}},"type":"if","locations":[{"start":{"line":41,"column":12},"end":{"line":41,"column":88}},{"start":{},"end":{}}],"line":41},"4":{"loc":{"start":{"line":88,"column":12},"end":{"line":88,"column":93}},"type":"if","locations":[{"start":{"line":88,"column":12},"end":{"line":88,"column":93}},{"start":{},"end":{}}],"line":88},"5":{"loc":{"start":{"line":104,"column":12},"end":{"line":104,"column":129}},"type":"if","locations":[{"start":{"line":104,"column":12},"end":{"line":104,"column":129}},{"start":{},"end":{}}],"line":104},"6":{"loc":{"start":{"line":130,"column":12},"end":{"line":130,"column":121}},"type":"if","locations":[{"start":{"line":130,"column":12},"end":{"line":130,"column":121}},{"start":{},"end":{}}],"line":130}},"s":{"0":1,"1":1,"2":0,"3":0,"4":0,"5":0,"6":0,"7":0,"8":0,"9":0,"10":0,"11":0,"12":0,"13":0,"14":0,"15":0,"16":0,"17":0,"18":0,"19":0,"20":0,"21":0,"22":0,"23":0,"24":0,"25":0,"26":0,"27":0,"28":0,"29":0,"30":0,"31":0,"32":0,"33":0,"34":0,"35":0,"36":0,"37":0,"38":0,"39":0,"40":0,"41":0,"42":0,"43":0,"44":0,"45":0,"46":0,"47":0,"48":0,"49":0,"50":0,"51":0,"52":0,"53":0,"54":0,"55":0,"56":0,"57":0,"58":0,"59":0,"60":0,"61":0,"62":0,"63":0,"64":0,"65":0,"66":0,"67":1},"f":{"0":0,"1":0,"2":0,"3":0,"4":0,"5":0,"6":0,"7":0,"8":0},"b":{"0":[0,0],"1":[0,0],"2":[0,0],"3":[0,0],"4":[0,0],"5":[0,0],"6":[0,0]},"_coverageSchema":"1a1c01bbd47fc00a2c39e90264f33305004495a9","hash":"0eb6680bedcdabe1b5a832d9ed95b85e7bf8dd56"}
,"/home/legawa/Documents/Hacktiv8/Phase 3/Final_Project/server/controllers/userController.js": {"path":"/home/legawa/Documents/Hacktiv8/Phase 3/Final_Project/server/controllers/userController.js","statementMap":{"0":{"start":{"line":1,"column":24},"end":{"line":1,"column":52}},"1":{"start":{"line":2,"column":26},"end":{"line":2,"column":51}},"2":{"start":{"line":3,"column":57},"end":{"line":3,"column":83}},"3":{"start":{"line":4,"column":34},"end":{"line":4,"column":66}},"4":{"start":{"line":8,"column":8},"end":{"line":30,"column":9}},"5":{"start":{"line":9,"column":38},"end":{"line":9,"column":46}},"6":{"start":{"line":11,"column":12},"end":{"line":13,"column":13}},"7":{"start":{"line":12,"column":16},"end":{"line":12,"column":42}},"8":{"start":{"line":15,"column":12},"end":{"line":17,"column":13}},"9":{"start":{"line":16,"column":16},"end":{"line":16,"column":45}},"10":{"start":{"line":19,"column":24},"end":{"line":19,"column":67}},"11":{"start":{"line":21,"column":12},"end":{"line":23,"column":13}},"12":{"start":{"line":22,"column":16},"end":{"line":22,"column":44}},"13":{"start":{"line":25,"column":33},"end":{"line":25,"column":61}},"14":{"start":{"line":27,"column":12},"end":{"line":27,"column":61}},"15":{"start":{"line":29,"column":12},"end":{"line":29,"column":23}},"16":{"start":{"line":34,"column":8},"end":{"line":43,"column":9}},"17":{"start":{"line":35,"column":66},"end":{"line":35,"column":74}},"18":{"start":{"line":36,"column":12},"end":{"line":36,"column":34}},"19":{"start":{"line":38,"column":25},"end":{"line":38,"column":89}},"20":{"start":{"line":40,"column":12},"end":{"line":40,"column":61}},"21":{"start":{"line":42,"column":12},"end":{"line":42,"column":23}},"22":{"start":{"line":79,"column":8},"end":{"line":93,"column":9}},"23":{"start":{"line":80,"column":25},"end":{"line":80,"column":35}},"24":{"start":{"line":81,"column":25},"end":{"line":84,"column":100}},"25":{"start":{"line":86,"column":12},"end":{"line":88,"column":13}},"26":{"start":{"line":87,"column":16},"end":{"line":87,"column":40}},"27":{"start":{"line":90,"column":12},"end":{"line":90,"column":38}},"28":{"start":{"line":92,"column":12},"end":{"line":92,"column":23}},"29":{"start":{"line":115,"column":8},"end":{"line":122,"column":9}},"30":{"start":{"line":116,"column":25},"end":{"line":116,"column":33}},"31":{"start":{"line":117,"column":28},"end":{"line":117,"column":90}},"32":{"start":{"line":119,"column":12},"end":{"line":119,"column":41}},"33":{"start":{"line":121,"column":12},"end":{"line":121,"column":23}},"34":{"start":{"line":126,"column":8},"end":{"line":131,"column":9}},"35":{"start":{"line":127,"column":27},"end":{"line":127,"column":48}},"36":{"start":{"line":128,"column":12},"end":{"line":128,"column":40}},"37":{"start":{"line":130,"column":12},"end":{"line":130,"column":23}},"38":{"start":{"line":135,"column":8},"end":{"line":147,"column":9}},"39":{"start":{"line":136,"column":25},"end":{"line":136,"column":35}},"40":{"start":{"line":138,"column":26},"end":{"line":138,"column":50}},"41":{"start":{"line":140,"column":12},"end":{"line":142,"column":13}},"42":{"start":{"line":141,"column":16},"end":{"line":141,"column":40}},"43":{"start":{"line":144,"column":12},"end":{"line":144,"column":39}},"44":{"start":{"line":146,"column":12},"end":{"line":146,"column":23}},"45":{"start":{"line":151,"column":8},"end":{"line":167,"column":9}},"46":{"start":{"line":152,"column":30},"end":{"line":152,"column":38}},"47":{"start":{"line":153,"column":12},"end":{"line":155,"column":13}},"48":{"start":{"line":154,"column":16},"end":{"line":154,"column":42}},"49":{"start":{"line":156,"column":12},"end":{"line":158,"column":13}},"50":{"start":{"line":157,"column":16},"end":{"line":157,"column":42}},"51":{"start":{"line":160,"column":12},"end":{"line":160,"column":64}},"52":{"start":{"line":161,"column":25},"end":{"line":161,"column":33}},"53":{"start":{"line":162,"column":31},"end":{"line":162,"column":39}},"54":{"start":{"line":163,"column":12},"end":{"line":163,"column":73}},"55":{"start":{"line":164,"column":12},"end":{"line":164,"column":76}},"56":{"start":{"line":166,"column":12},"end":{"line":166,"column":23}},"57":{"start":{"line":190,"column":8},"end":{"line":204,"column":9}},"58":{"start":{"line":191,"column":25},"end":{"line":191,"column":35}},"59":{"start":{"line":193,"column":28},"end":{"line":193,"column":54}},"60":{"start":{"line":195,"column":12},"end":{"line":197,"column":13}},"61":{"start":{"line":196,"column":16},"end":{"line":196,"column":40}},"62":{"start":{"line":199,"column":12},"end":{"line":199,"column":52}},"63":{"start":{"line":201,"column":12},"end":{"line":201,"column":78}},"64":{"start":{"line":203,"column":12},"end":{"line":203,"column":23}},"65":{"start":{"line":208,"column":8},"end":{"line":231,"column":9}},"66":{"start":{"line":209,"column":35},"end":{"line":209,"column":43}},"67":{"start":{"line":210,"column":27},"end":{"line":210,"column":37}},"68":{"start":{"line":211,"column":12},"end":{"line":228,"column":14}},"69":{"start":{"line":212,"column":16},"end":{"line":212,"column":94}},"70":{"start":{"line":212,"column":26},"end":{"line":212,"column":94}},"71":{"start":{"line":213,"column":16},"end":{"line":227,"column":18}},"72":{"start":{"line":215,"column":52},"end":{"line":215,"column":62}},"73":{"start":{"line":216,"column":20},"end":{"line":223,"column":22}},"74":{"start":{"line":218,"column":24},"end":{"line":218,"column":47}},"75":{"start":{"line":219,"column":24},"end":{"line":219,"column":44}},"76":{"start":{"line":222,"column":24},"end":{"line":222,"column":35}},"77":{"start":{"line":226,"column":20},"end":{"line":226,"column":31}},"78":{"start":{"line":230,"column":10},"end":{"line":230,"column":21}},"79":{"start":{"line":235,"column":8},"end":{"line":262,"column":9}},"80":{"start":{"line":238,"column":28},"end":{"line":238,"column":110}},"81":{"start":{"line":240,"column":24},"end":{"line":240,"column":26}},"82":{"start":{"line":241,"column":27},"end":{"line":241,"column":29}},"83":{"start":{"line":243,"column":12},"end":{"line":254,"column":14}},"84":{"start":{"line":244,"column":16},"end":{"line":253,"column":17}},"85":{"start":{"line":246,"column":20},"end":{"line":252,"column":22}},"86":{"start":{"line":247,"column":24},"end":{"line":251,"column":25}},"87":{"start":{"line":248,"column":28},"end":{"line":248,"column":48}},"88":{"start":{"line":250,"column":28},"end":{"line":250,"column":51}},"89":{"start":{"line":255,"column":32},"end":{"line":255,"column":46}},"90":{"start":{"line":259,"column":12},"end":{"line":259,"column":51}},"91":{"start":{"line":261,"column":12},"end":{"line":261,"column":23}},"92":{"start":{"line":266,"column":8},"end":{"line":271,"column":9}},"93":{"start":{"line":267,"column":27},"end":{"line":267,"column":49}},"94":{"start":{"line":268,"column":12},"end":{"line":268,"column":40}},"95":{"start":{"line":270,"column":12},"end":{"line":270,"column":23}},"96":{"start":{"line":275,"column":8},"end":{"line":292,"column":9}},"97":{"start":{"line":276,"column":31},"end":{"line":276,"column":41}},"98":{"start":{"line":277,"column":25},"end":{"line":277,"column":33}},"99":{"start":{"line":279,"column":25},"end":{"line":279,"column":48}},"100":{"start":{"line":280,"column":27},"end":{"line":280,"column":58}},"101":{"start":{"line":282,"column":12},"end":{"line":288,"column":13}},"102":{"start":{"line":283,"column":16},"end":{"line":283,"column":49}},"103":{"start":{"line":284,"column":16},"end":{"line":284,"column":59}},"104":{"start":{"line":285,"column":16},"end":{"line":285,"column":71}},"105":{"start":{"line":287,"column":16},"end":{"line":287,"column":44}},"106":{"start":{"line":289,"column":12},"end":{"line":289,"column":54}},"107":{"start":{"line":291,"column":12},"end":{"line":291,"column":23}},"108":{"start":{"line":296,"column":0},"end":{"line":296,"column":31}}},"fnMap":{"0":{"name":"(anonymous_0)","decl":{"start":{"line":7,"column":4},"end":{"line":7,"column":5}},"loc":{"start":{"line":7,"column":38},"end":{"line":31,"column":5}},"line":7},"1":{"name":"(anonymous_1)","decl":{"start":{"line":33,"column":4},"end":{"line":33,"column":5}},"loc":{"start":{"line":33,"column":41},"end":{"line":44,"column":5}},"line":33},"2":{"name":"(anonymous_2)","decl":{"start":{"line":78,"column":4},"end":{"line":78,"column":5}},"loc":{"start":{"line":78,"column":40},"end":{"line":94,"column":5}},"line":78},"3":{"name":"(anonymous_3)","decl":{"start":{"line":114,"column":4},"end":{"line":114,"column":5}},"loc":{"start":{"line":114,"column":43},"end":{"line":123,"column":5}},"line":114},"4":{"name":"(anonymous_4)","decl":{"start":{"line":125,"column":4},"end":{"line":125,"column":5}},"loc":{"start":{"line":125,"column":42},"end":{"line":132,"column":5}},"line":125},"5":{"name":"(anonymous_5)","decl":{"start":{"line":134,"column":4},"end":{"line":134,"column":5}},"loc":{"start":{"line":134,"column":47},"end":{"line":148,"column":5}},"line":134},"6":{"name":"(anonymous_6)","decl":{"start":{"line":150,"column":4},"end":{"line":150,"column":5}},"loc":{"start":{"line":150,"column":43},"end":{"line":168,"column":5}},"line":150},"7":{"name":"(anonymous_7)","decl":{"start":{"line":189,"column":4},"end":{"line":189,"column":5}},"loc":{"start":{"line":189,"column":44},"end":{"line":205,"column":5}},"line":189},"8":{"name":"(anonymous_8)","decl":{"start":{"line":207,"column":4},"end":{"line":207,"column":5}},"loc":{"start":{"line":207,"column":46},"end":{"line":232,"column":5}},"line":207},"9":{"name":"(anonymous_9)","decl":{"start":{"line":211,"column":35},"end":{"line":211,"column":36}},"loc":{"start":{"line":211,"column":46},"end":{"line":228,"column":13}},"line":211},"10":{"name":"(anonymous_10)","decl":{"start":{"line":214,"column":22},"end":{"line":214,"column":23}},"loc":{"start":{"line":214,"column":38},"end":{"line":224,"column":17}},"line":214},"11":{"name":"(anonymous_11)","decl":{"start":{"line":217,"column":26},"end":{"line":217,"column":27}},"loc":{"start":{"line":217,"column":32},"end":{"line":220,"column":21}},"line":217},"12":{"name":"(anonymous_12)","decl":{"start":{"line":221,"column":27},"end":{"line":221,"column":28}},"loc":{"start":{"line":221,"column":38},"end":{"line":223,"column":21}},"line":221},"13":{"name":"(anonymous_13)","decl":{"start":{"line":225,"column":23},"end":{"line":225,"column":24}},"loc":{"start":{"line":225,"column":34},"end":{"line":227,"column":17}},"line":225},"14":{"name":"(anonymous_14)","decl":{"start":{"line":234,"column":4},"end":{"line":234,"column":5}},"loc":{"start":{"line":234,"column":43},"end":{"line":263,"column":5}},"line":234},"15":{"name":"(anonymous_15)","decl":{"start":{"line":243,"column":28},"end":{"line":243,"column":29}},"loc":{"start":{"line":243,"column":40},"end":{"line":254,"column":13}},"line":243},"16":{"name":"(anonymous_16)","decl":{"start":{"line":246,"column":45},"end":{"line":246,"column":46}},"loc":{"start":{"line":246,"column":59},"end":{"line":252,"column":21}},"line":246},"17":{"name":"(anonymous_17)","decl":{"start":{"line":265,"column":4},"end":{"line":265,"column":5}},"loc":{"start":{"line":265,"column":42},"end":{"line":272,"column":5}},"line":265},"18":{"name":"(anonymous_18)","decl":{"start":{"line":274,"column":4},"end":{"line":274,"column":5}},"loc":{"start":{"line":274,"column":44},"end":{"line":293,"column":5}},"line":274}},"branchMap":{"0":{"loc":{"start":{"line":11,"column":12},"end":{"line":13,"column":13}},"type":"if","locations":[{"start":{"line":11,"column":12},"end":{"line":13,"column":13}},{"start":{},"end":{}}],"line":11},"1":{"loc":{"start":{"line":15,"column":12},"end":{"line":17,"column":13}},"type":"if","locations":[{"start":{"line":15,"column":12},"end":{"line":17,"column":13}},{"start":{},"end":{}}],"line":15},"2":{"loc":{"start":{"line":21,"column":12},"end":{"line":23,"column":13}},"type":"if","locations":[{"start":{"line":21,"column":12},"end":{"line":23,"column":13}},{"start":{},"end":{}}],"line":21},"3":{"loc":{"start":{"line":21,"column":15},"end":{"line":21,"column":61}},"type":"binary-expr","locations":[{"start":{"line":21,"column":15},"end":{"line":21,"column":20}},{"start":{"line":21,"column":24},"end":{"line":21,"column":61}}],"line":21},"4":{"loc":{"start":{"line":86,"column":12},"end":{"line":88,"column":13}},"type":"if","locations":[{"start":{"line":86,"column":12},"end":{"line":88,"column":13}},{"start":{},"end":{}}],"line":86},"5":{"loc":{"start":{"line":140,"column":12},"end":{"line":142,"column":13}},"type":"if","locations":[{"start":{"line":140,"column":12},"end":{"line":142,"column":13}},{"start":{},"end":{}}],"line":140},"6":{"loc":{"start":{"line":153,"column":12},"end":{"line":155,"column":13}},"type":"if","locations":[{"start":{"line":153,"column":12},"end":{"line":155,"column":13}},{"start":{},"end":{}}],"line":153},"7":{"loc":{"start":{"line":156,"column":12},"end":{"line":158,"column":13}},"type":"if","locations":[{"start":{"line":156,"column":12},"end":{"line":158,"column":13}},{"start":{},"end":{}}],"line":156},"8":{"loc":{"start":{"line":195,"column":12},"end":{"line":197,"column":13}},"type":"if","locations":[{"start":{"line":195,"column":12},"end":{"line":197,"column":13}},{"start":{},"end":{}}],"line":195},"9":{"loc":{"start":{"line":212,"column":16},"end":{"line":212,"column":94}},"type":"if","locations":[{"start":{"line":212,"column":16},"end":{"line":212,"column":94}},{"start":{},"end":{}}],"line":212},"10":{"loc":{"start":{"line":244,"column":16},"end":{"line":253,"column":17}},"type":"if","locations":[{"start":{"line":244,"column":16},"end":{"line":253,"column":17}},{"start":{},"end":{}}],"line":244},"11":{"loc":{"start":{"line":247,"column":24},"end":{"line":251,"column":25}},"type":"if","locations":[{"start":{"line":247,"column":24},"end":{"line":251,"column":25}},{"start":{"line":249,"column":31},"end":{"line":251,"column":25}}],"line":247},"12":{"loc":{"start":{"line":282,"column":12},"end":{"line":288,"column":13}},"type":"if","locations":[{"start":{"line":282,"column":12},"end":{"line":288,"column":13}},{"start":{"line":286,"column":19},"end":{"line":288,"column":13}}],"line":282}},"s":{"0":1,"1":1,"2":1,"3":1,"4":4,"5":4,"6":4,"7":1,"8":3,"9":1,"10":2,"11":2,"12":1,"13":1,"14":1,"15":3,"16":0,"17":0,"18":0,"19":0,"20":0,"21":0,"22":0,"23":0,"24":0,"25":0,"26":0,"27":0,"28":0,"29":0,"30":0,"31":0,"32":0,"33":0,"34":0,"35":0,"36":0,"37":0,"38":0,"39":0,"40":0,"41":0,"42":0,"43":0,"44":0,"45":0,"46":0,"47":0,"48":0,"49":0,"50":0,"51":0,"52":0,"53":0,"54":0,"55":0,"56":0,"57":0,"58":0,"59":0,"60":0,"61":0,"62":0,"63":0,"64":0,"65":0,"66":0,"67":0,"68":0,"69":0,"70":0,"71":0,"72":0,"73":0,"74":0,"75":0,"76":0,"77":0,"78":0,"79":0,"80":0,"81":0,"82":0,"83":0,"84":0,"85":0,"86":0,"87":0,"88":0,"89":0,"90":0,"91":0,"92":0,"93":0,"94":0,"95":0,"96":0,"97":0,"98":0,"99":0,"100":0,"101":0,"102":0,"103":0,"104":0,"105":0,"106":0,"107":0,"108":1},"f":{"0":4,"1":0,"2":0,"3":0,"4":0,"5":0,"6":0,"7":0,"8":0,"9":0,"10":0,"11":0,"12":0,"13":0,"14":0,"15":0,"16":0,"17":0,"18":0},"b":{"0":[1,3],"1":[1,2],"2":[1,1],"3":[2,1],"4":[0,0],"5":[0,0],"6":[0,0],"7":[0,0],"8":[0,0],"9":[0,0],"10":[0,0],"11":[0,0],"12":[0,0]},"_coverageSchema":"1a1c01bbd47fc00a2c39e90264f33305004495a9","hash":"f9c3ffcfca37993ebe91e0443b894911d1b48d55"}
,"/home/legawa/Documents/Hacktiv8/Phase 3/Final_Project/server/helpers/bcrypt.js": {"path":"/home/legawa/Documents/Hacktiv8/Phase 3/Final_Project/server/helpers/bcrypt.js","statementMap":{"0":{"start":{"line":1,"column":15},"end":{"line":1,"column":34}},"1":{"start":{"line":3,"column":17},"end":{"line":5,"column":1}},"2":{"start":{"line":4,"column":4},"end":{"line":4,"column":36}},"3":{"start":{"line":7,"column":20},"end":{"line":9,"column":1}},"4":{"start":{"line":8,"column":4},"end":{"line":8,"column":51}},"5":{"start":{"line":11,"column":0},"end":{"line":14,"column":1}}},"fnMap":{"0":{"name":"(anonymous_0)","decl":{"start":{"line":3,"column":17},"end":{"line":3,"column":18}},"loc":{"start":{"line":3,"column":31},"end":{"line":5,"column":1}},"line":3},"1":{"name":"(anonymous_1)","decl":{"start":{"line":7,"column":20},"end":{"line":7,"column":21}},"loc":{"start":{"line":7,"column":46},"end":{"line":9,"column":1}},"line":7}},"branchMap":{},"s":{"0":1,"1":1,"2":2,"3":1,"4":1,"5":1},"f":{"0":2,"1":1},"b":{},"_coverageSchema":"1a1c01bbd47fc00a2c39e90264f33305004495a9","hash":"794cde8c20293754b651c31cd5fa6ad7ec2b4108"}
,"/home/legawa/Documents/Hacktiv8/Phase 3/Final_Project/server/helpers/jwt.js": {"path":"/home/legawa/Documents/Hacktiv8/Phase 3/Final_Project/server/helpers/jwt.js","statementMap":{"0":{"start":{"line":1,"column":12},"end":{"line":1,"column":35}},"1":{"start":{"line":3,"column":22},"end":{"line":5,"column":1}},"2":{"start":{"line":4,"column":4},"end":{"line":4,"column":48}},"3":{"start":{"line":7,"column":20},"end":{"line":9,"column":1}},"4":{"start":{"line":8,"column":4},"end":{"line":8,"column":48}},"5":{"start":{"line":11,"column":0},"end":{"line":14,"column":1}}},"fnMap":{"0":{"name":"(anonymous_0)","decl":{"start":{"line":3,"column":22},"end":{"line":3,"column":23}},"loc":{"start":{"line":3,"column":35},"end":{"line":5,"column":1}},"line":3},"1":{"name":"(anonymous_1)","decl":{"start":{"line":7,"column":20},"end":{"line":7,"column":21}},"loc":{"start":{"line":7,"column":31},"end":{"line":9,"column":1}},"line":7}},"branchMap":{},"s":{"0":1,"1":1,"2":3,"3":1,"4":0,"5":1},"f":{"0":3,"1":0},"b":{},"_coverageSchema":"1a1c01bbd47fc00a2c39e90264f33305004495a9","hash":"985303dd6401313d4e5c74110fcae99c54d4d494"}
,"/home/legawa/Documents/Hacktiv8/Phase 3/Final_Project/server/helpers/tensorflow.js": {"path":"/home/legawa/Documents/Hacktiv8/Phase 3/Final_Project/server/helpers/tensorflow.js","statementMap":{"0":{"start":{"line":1,"column":11},"end":{"line":1,"column":43}},"1":{"start":{"line":2,"column":17},"end":{"line":2,"column":48}},"2":{"start":{"line":4,"column":13},"end":{"line":4,"column":28}},"3":{"start":{"line":5,"column":11},"end":{"line":5,"column":24}},"4":{"start":{"line":7,"column":15},"end":{"line":7,"column":32}},"5":{"start":{"line":8,"column":14},"end":{"line":8,"column":30}},"6":{"start":{"line":10,"column":16},"end":{"line":10,"column":227}},"7":{"start":{"line":10,"column":77},"end":{"line":10,"column":111}},"8":{"start":{"line":10,"column":151},"end":{"line":10,"column":222}},"9":{"start":{"line":12,"column":20},"end":{"line":25,"column":2}},"10":{"start":{"line":15,"column":25},"end":{"line":15,"column":50}},"11":{"start":{"line":17,"column":29},"end":{"line":19,"column":9}},"12":{"start":{"line":21,"column":34},"end":{"line":21,"column":68}},"13":{"start":{"line":22,"column":8},"end":{"line":22,"column":73}},"14":{"start":{"line":22,"column":46},"end":{"line":22,"column":73}},"15":{"start":{"line":23,"column":8},"end":{"line":23,"column":94}},"16":{"start":{"line":27,"column":21},"end":{"line":27,"column":48}},"17":{"start":{"line":29,"column":16},"end":{"line":47,"column":1}},"18":{"start":{"line":30,"column":4},"end":{"line":46,"column":5}},"19":{"start":{"line":31,"column":22},"end":{"line":31,"column":48}},"20":{"start":{"line":33,"column":23},"end":{"line":33,"column":37}},"21":{"start":{"line":34,"column":26},"end":{"line":34,"column":121}},"22":{"start":{"line":36,"column":20},"end":{"line":36,"column":94}},"23":{"start":{"line":38,"column":25},"end":{"line":38,"column":64}},"24":{"start":{"line":40,"column":30},"end":{"line":40,"column":51}},"25":{"start":{"line":41,"column":8},"end":{"line":41,"column":63}},"26":{"start":{"line":42,"column":8},"end":{"line":42,"column":32}},"27":{"start":{"line":43,"column":8},"end":{"line":43,"column":113}},"28":{"start":{"line":45,"column":8},"end":{"line":45,"column":19}},"29":{"start":{"line":49,"column":0},"end":{"line":52,"column":1}}},"fnMap":{"0":{"name":"(anonymous_0)","decl":{"start":{"line":10,"column":50},"end":{"line":10,"column":51}},"loc":{"start":{"line":10,"column":75},"end":{"line":10,"column":112}},"line":10},"1":{"name":"(anonymous_1)","decl":{"start":{"line":10,"column":124},"end":{"line":10,"column":125}},"loc":{"start":{"line":10,"column":149},"end":{"line":10,"column":224}},"line":10},"2":{"name":"(anonymous_2)","decl":{"start":{"line":14,"column":16},"end":{"line":14,"column":17}},"loc":{"start":{"line":14,"column":41},"end":{"line":24,"column":5}},"line":14},"3":{"name":"(anonymous_3)","decl":{"start":{"line":29,"column":16},"end":{"line":29,"column":17}},"loc":{"start":{"line":29,"column":37},"end":{"line":47,"column":1}},"line":29}},"branchMap":{"0":{"loc":{"start":{"line":22,"column":8},"end":{"line":22,"column":73}},"type":"if","locations":[{"start":{"line":22,"column":8},"end":{"line":22,"column":73}},{"start":{},"end":{}}],"line":22},"1":{"loc":{"start":{"line":22,"column":11},"end":{"line":22,"column":44}},"type":"binary-expr","locations":[{"start":{"line":22,"column":11},"end":{"line":22,"column":23}},{"start":{"line":22,"column":27},"end":{"line":22,"column":44}}],"line":22}},"s":{"0":1,"1":1,"2":1,"3":1,"4":1,"5":1,"6":1,"7":0,"8":0,"9":1,"10":0,"11":0,"12":0,"13":0,"14":0,"15":0,"16":1,"17":1,"18":0,"19":0,"20":0,"21":0,"22":0,"23":0,"24":0,"25":0,"26":0,"27":0,"28":0,"29":1},"f":{"0":0,"1":0,"2":0,"3":0},"b":{"0":[0,0],"1":[0,0]},"_coverageSchema":"1a1c01bbd47fc00a2c39e90264f33305004495a9","hash":"9fcd88597a41bcea09a423326416dab095d46614"}
,"/home/legawa/Documents/Hacktiv8/Phase 3/Final_Project/server/middlewares/auth.js": {"path":"/home/legawa/Documents/Hacktiv8/Phase 3/Final_Project/server/middlewares/auth.js","statementMap":{"0":{"start":{"line":1,"column":24},"end":{"line":1,"column":49}},"1":{"start":{"line":2,"column":23},"end":{"line":2,"column":43}},"2":{"start":{"line":5,"column":4},"end":{"line":18,"column":5}},"3":{"start":{"line":6,"column":31},"end":{"line":6,"column":42}},"4":{"start":{"line":7,"column":24},"end":{"line":7,"column":49}},"5":{"start":{"line":8,"column":21},"end":{"line":8,"column":52}},"6":{"start":{"line":10,"column":8},"end":{"line":12,"column":9}},"7":{"start":{"line":11,"column":12},"end":{"line":11,"column":40}},"8":{"start":{"line":14,"column":8},"end":{"line":14,"column":57}},"9":{"start":{"line":15,"column":8},"end":{"line":15,"column":14}},"10":{"start":{"line":17,"column":8},"end":{"line":17,"column":19}},"11":{"start":{"line":42,"column":0},"end":{"line":45,"column":1}}},"fnMap":{"0":{"name":"authentication","decl":{"start":{"line":4,"column":15},"end":{"line":4,"column":29}},"loc":{"start":{"line":4,"column":45},"end":{"line":19,"column":1}},"line":4}},"branchMap":{"0":{"loc":{"start":{"line":10,"column":8},"end":{"line":12,"column":9}},"type":"if","locations":[{"start":{"line":10,"column":8},"end":{"line":12,"column":9}},{"start":{},"end":{}}],"line":10}},"s":{"0":1,"1":1,"2":0,"3":0,"4":0,"5":0,"6":0,"7":0,"8":0,"9":0,"10":0,"11":1},"f":{"0":0},"b":{"0":[0,0]},"_coverageSchema":"1a1c01bbd47fc00a2c39e90264f33305004495a9","hash":"57a0095338987bf3679014253b8474b228d9b731"}
,"/home/legawa/Documents/Hacktiv8/Phase 3/Final_Project/server/middlewares/errorHandler.js": {"path":"/home/legawa/Documents/Hacktiv8/Phase 3/Final_Project/server/middlewares/errorHandler.js","statementMap":{"0":{"start":{"line":4,"column":17},"end":{"line":4,"column":36}},"1":{"start":{"line":5,"column":18},"end":{"line":5,"column":58}},"2":{"start":{"line":8,"column":4},"end":{"line":55,"column":5}},"3":{"start":{"line":10,"column":12},"end":{"line":10,"column":24}},"4":{"start":{"line":11,"column":12},"end":{"line":11,"column":45}},"5":{"start":{"line":12,"column":8},"end":{"line":12,"column":14}},"6":{"start":{"line":14,"column":12},"end":{"line":14,"column":24}},"7":{"start":{"line":15,"column":12},"end":{"line":15,"column":48}},"8":{"start":{"line":16,"column":8},"end":{"line":16,"column":14}},"9":{"start":{"line":18,"column":12},"end":{"line":18,"column":24}},"10":{"start":{"line":19,"column":12},"end":{"line":19,"column":45}},"11":{"start":{"line":20,"column":8},"end":{"line":20,"column":14}},"12":{"start":{"line":22,"column":12},"end":{"line":22,"column":24}},"13":{"start":{"line":23,"column":12},"end":{"line":23,"column":45}},"14":{"start":{"line":24,"column":8},"end":{"line":24,"column":14}},"15":{"start":{"line":26,"column":12},"end":{"line":26,"column":24}},"16":{"start":{"line":27,"column":12},"end":{"line":27,"column":38}},"17":{"start":{"line":28,"column":8},"end":{"line":28,"column":14}},"18":{"start":{"line":30,"column":12},"end":{"line":30,"column":24}},"19":{"start":{"line":31,"column":12},"end":{"line":31,"column":37}},"20":{"start":{"line":32,"column":8},"end":{"line":32,"column":14}},"21":{"start":{"line":34,"column":12},"end":{"line":34,"column":24}},"22":{"start":{"line":35,"column":12},"end":{"line":35,"column":33}},"23":{"start":{"line":36,"column":8},"end":{"line":36,"column":14}},"24":{"start":{"line":38,"column":12},"end":{"line":38,"column":24}},"25":{"start":{"line":39,"column":12},"end":{"line":39,"column":33}},"26":{"start":{"line":40,"column":8},"end":{"line":40,"column":14}},"27":{"start":{"line":42,"column":12},"end":{"line":42,"column":24}},"28":{"start":{"line":43,"column":12},"end":{"line":43,"column":45}},"29":{"start":{"line":45,"column":12},"end":{"line":45,"column":24}},"30":{"start":{"line":46,"column":12},"end":{"line":46,"column":35}},"31":{"start":{"line":47,"column":8},"end":{"line":47,"column":13}},"32":{"start":{"line":49,"column":12},"end":{"line":49,"column":24}},"33":{"start":{"line":50,"column":12},"end":{"line":50,"column":45}},"34":{"start":{"line":51,"column":8},"end":{"line":51,"column":13}},"35":{"start":{"line":53,"column":12},"end":{"line":53,"column":24}},"36":{"start":{"line":54,"column":12},"end":{"line":54,"column":45}},"37":{"start":{"line":57,"column":4},"end":{"line":57,"column":83}},"38":{"start":{"line":58,"column":4},"end":{"line":58,"column":38}},"39":{"start":{"line":61,"column":0},"end":{"line":61,"column":29}}},"fnMap":{"0":{"name":"errorHandler","decl":{"start":{"line":3,"column":9},"end":{"line":3,"column":21}},"loc":{"start":{"line":3,"column":44},"end":{"line":59,"column":1}},"line":3}},"branchMap":{"0":{"loc":{"start":{"line":4,"column":17},"end":{"line":4,"column":36}},"type":"binary-expr","locations":[{"start":{"line":4,"column":17},"end":{"line":4,"column":29}},{"start":{"line":4,"column":33},"end":{"line":4,"column":36}}],"line":4},"1":{"loc":{"start":{"line":5,"column":18},"end":{"line":5,"column":58}},"type":"binary-expr","locations":[{"start":{"line":5,"column":18},"end":{"line":5,"column":31}},{"start":{"line":5,"column":35},"end":{"line":5,"column":58}}],"line":5},"2":{"loc":{"start":{"line":8,"column":4},"end":{"line":55,"column":5}},"type":"switch","locations":[{"start":{"line":9,"column":8},"end":{"line":12,"column":14}},{"start":{"line":13,"column":8},"end":{"line":16,"column":14}},{"start":{"line":17,"column":8},"end":{"line":20,"column":14}},{"start":{"line":21,"column":8},"end":{"line":24,"column":14}},{"start":{"line":25,"column":8},"end":{"line":28,"column":14}},{"start":{"line":29,"column":8},"end":{"line":32,"column":14}},{"start":{"line":33,"column":8},"end":{"line":36,"column":14}},{"start":{"line":37,"column":8},"end":{"line":40,"column":14}},{"start":{"line":41,"column":8},"end":{"line":43,"column":45}},{"start":{"line":44,"column":8},"end":{"line":47,"column":13}},{"start":{"line":48,"column":8},"end":{"line":51,"column":13}},{"start":{"line":52,"column":8},"end":{"line":54,"column":45}}],"line":8}},"s":{"0":3,"1":3,"2":3,"3":1,"4":1,"5":1,"6":1,"7":1,"8":1,"9":0,"10":0,"11":0,"12":0,"13":0,"14":0,"15":1,"16":1,"17":1,"18":0,"19":0,"20":0,"21":0,"22":0,"23":0,"24":0,"25":0,"26":0,"27":0,"28":0,"29":0,"30":0,"31":0,"32":0,"33":0,"34":0,"35":0,"36":0,"37":3,"38":3,"39":1},"f":{"0":3},"b":{"0":[3,3],"1":[3,3],"2":[1,1,0,0,1,0,0,0,0,0,0,0]},"_coverageSchema":"1a1c01bbd47fc00a2c39e90264f33305004495a9","hash":"0438272fc4bad4f5c712c5e7976f9c16d09e948a"}
,"/home/legawa/Documents/Hacktiv8/Phase 3/Final_Project/server/middlewares/imgBodyParser.js": {"path":"/home/legawa/Documents/Hacktiv8/Phase 3/Final_Project/server/middlewares/imgBodyParser.js","statementMap":{"0":{"start":{"line":1,"column":0},"end":{"line":1,"column":26}},"1":{"start":{"line":3,"column":11},"end":{"line":3,"column":40}},"2":{"start":{"line":4,"column":15},"end":{"line":4,"column":32}},"3":{"start":{"line":5,"column":17},"end":{"line":5,"column":37}},"4":{"start":{"line":7,"column":13},"end":{"line":7,"column":28}},"5":{"start":{"line":9,"column":15},"end":{"line":9,"column":42}},"6":{"start":{"line":10,"column":11},"end":{"line":14,"column":2}},"7":{"start":{"line":16,"column":15},"end":{"line":41,"column":2}},"8":{"start":{"line":21,"column":12},"end":{"line":21,"column":57}},"9":{"start":{"line":24,"column":12},"end":{"line":24,"column":84}},"10":{"start":{"line":30,"column":25},"end":{"line":30,"column":50}},"11":{"start":{"line":32,"column":29},"end":{"line":34,"column":9}},"12":{"start":{"line":36,"column":34},"end":{"line":36,"column":68}},"13":{"start":{"line":37,"column":8},"end":{"line":37,"column":73}},"14":{"start":{"line":37,"column":46},"end":{"line":37,"column":73}},"15":{"start":{"line":38,"column":8},"end":{"line":38,"column":94}},"16":{"start":{"line":43,"column":0},"end":{"line":45,"column":1}}},"fnMap":{"0":{"name":"(anonymous_0)","decl":{"start":{"line":20,"column":18},"end":{"line":20,"column":19}},"loc":{"start":{"line":20,"column":43},"end":{"line":22,"column":9}},"line":20},"1":{"name":"(anonymous_1)","decl":{"start":{"line":23,"column":13},"end":{"line":23,"column":14}},"loc":{"start":{"line":23,"column":38},"end":{"line":25,"column":9}},"line":23},"2":{"name":"(anonymous_2)","decl":{"start":{"line":28,"column":16},"end":{"line":28,"column":17}},"loc":{"start":{"line":28,"column":41},"end":{"line":39,"column":5}},"line":28}},"branchMap":{"0":{"loc":{"start":{"line":37,"column":8},"end":{"line":37,"column":73}},"type":"if","locations":[{"start":{"line":37,"column":8},"end":{"line":37,"column":73}},{"start":{},"end":{}}],"line":37},"1":{"loc":{"start":{"line":37,"column":11},"end":{"line":37,"column":44}},"type":"binary-expr","locations":[{"start":{"line":37,"column":11},"end":{"line":37,"column":23}},{"start":{"line":37,"column":27},"end":{"line":37,"column":44}}],"line":37}},"s":{"0":1,"1":1,"2":1,"3":1,"4":1,"5":1,"6":1,"7":1,"8":0,"9":0,"10":0,"11":0,"12":0,"13":0,"14":0,"15":0,"16":1},"f":{"0":0,"1":0,"2":0},"b":{"0":[0,0],"1":[0,0]},"_coverageSchema":"1a1c01bbd47fc00a2c39e90264f33305004495a9","hash":"4ff7988ccfb67a4a385f5cdd0c2c5c169d7f3125"}
,"/home/legawa/Documents/Hacktiv8/Phase 3/Final_Project/server/models/comment.js": {"path":"/home/legawa/Documents/Hacktiv8/Phase 3/Final_Project/server/models/comment.js","statementMap":{"0":{"start":{"line":4,"column":4},"end":{"line":4,"column":24}},"1":{"start":{"line":5,"column":0},"end":{"line":52,"column":2}},"2":{"start":{"line":14,"column":6},"end":{"line":14,"column":60}},"3":{"start":{"line":15,"column":6},"end":{"line":15,"column":64}},"4":{"start":{"line":18,"column":2},"end":{"line":50,"column":5}},"5":{"start":{"line":51,"column":2},"end":{"line":51,"column":17}}},"fnMap":{"0":{"name":"(anonymous_0)","decl":{"start":{"line":5,"column":17},"end":{"line":5,"column":18}},"loc":{"start":{"line":5,"column":43},"end":{"line":52,"column":1}},"line":5},"1":{"name":"(anonymous_1)","decl":{"start":{"line":12,"column":4},"end":{"line":12,"column":5}},"loc":{"start":{"line":12,"column":29},"end":{"line":16,"column":5}},"line":12}},"branchMap":{},"s":{"0":1,"1":1,"2":1,"3":1,"4":1,"5":1},"f":{"0":1,"1":1},"b":{},"_coverageSchema":"1a1c01bbd47fc00a2c39e90264f33305004495a9","hash":"efcc8d2088c0478de24fe252f734f70484a6fc6c"}
,"/home/legawa/Documents/Hacktiv8/Phase 3/Final_Project/server/models/forum.js": {"path":"/home/legawa/Documents/Hacktiv8/Phase 3/Final_Project/server/models/forum.js","statementMap":{"0":{"start":{"line":4,"column":4},"end":{"line":4,"column":24}},"1":{"start":{"line":5,"column":0},"end":{"line":39,"column":2}},"2":{"start":{"line":14,"column":6},"end":{"line":14,"column":58}},"3":{"start":{"line":17,"column":2},"end":{"line":37,"column":5}},"4":{"start":{"line":38,"column":2},"end":{"line":38,"column":15}}},"fnMap":{"0":{"name":"(anonymous_0)","decl":{"start":{"line":5,"column":17},"end":{"line":5,"column":18}},"loc":{"start":{"line":5,"column":43},"end":{"line":39,"column":1}},"line":5},"1":{"name":"(anonymous_1)","decl":{"start":{"line":12,"column":4},"end":{"line":12,"column":5}},"loc":{"start":{"line":12,"column":29},"end":{"line":15,"column":5}},"line":12}},"branchMap":{},"s":{"0":1,"1":1,"2":1,"3":1,"4":1},"f":{"0":1,"1":1},"b":{},"_coverageSchema":"1a1c01bbd47fc00a2c39e90264f33305004495a9","hash":"6456f1ad3465d603f71158c739cb83fde62cb2d5"}
,"/home/legawa/Documents/Hacktiv8/Phase 3/Final_Project/server/models/index.js": {"path":"/home/legawa/Documents/Hacktiv8/Phase 3/Final_Project/server/models/index.js","statementMap":{"0":{"start":{"line":3,"column":11},"end":{"line":3,"column":24}},"1":{"start":{"line":4,"column":13},"end":{"line":4,"column":28}},"2":{"start":{"line":5,"column":18},"end":{"line":5,"column":38}},"3":{"start":{"line":6,"column":16},"end":{"line":6,"column":34}},"4":{"start":{"line":7,"column":17},"end":{"line":7,"column":42}},"5":{"start":{"line":8,"column":12},"end":{"line":8,"column":49}},"6":{"start":{"line":9,"column":15},"end":{"line":9,"column":65}},"7":{"start":{"line":10,"column":11},"end":{"line":10,"column":13}},"8":{"start":{"line":13,"column":0},"end":{"line":17,"column":1}},"9":{"start":{"line":14,"column":2},"end":{"line":14,"column":74}},"10":{"start":{"line":16,"column":2},"end":{"line":16,"column":87}},"11":{"start":{"line":19,"column":0},"end":{"line":32,"column":5}},"12":{"start":{"line":22,"column":4},"end":{"line":27,"column":6}},"13":{"start":{"line":30,"column":18},"end":{"line":30,"column":85}},"14":{"start":{"line":31,"column":4},"end":{"line":31,"column":27}},"15":{"start":{"line":34,"column":0},"end":{"line":38,"column":3}},"16":{"start":{"line":35,"column":2},"end":{"line":37,"column":3}},"17":{"start":{"line":36,"column":4},"end":{"line":36,"column":32}},"18":{"start":{"line":40,"column":0},"end":{"line":40,"column":25}},"19":{"start":{"line":41,"column":0},"end":{"line":41,"column":25}},"20":{"start":{"line":43,"column":0},"end":{"line":43,"column":20}}},"fnMap":{"0":{"name":"(anonymous_0)","decl":{"start":{"line":21,"column":10},"end":{"line":21,"column":11}},"loc":{"start":{"line":21,"column":18},"end":{"line":28,"column":3}},"line":21},"1":{"name":"(anonymous_1)","decl":{"start":{"line":29,"column":11},"end":{"line":29,"column":12}},"loc":{"start":{"line":29,"column":19},"end":{"line":32,"column":3}},"line":29},"2":{"name":"(anonymous_2)","decl":{"start":{"line":34,"column":24},"end":{"line":34,"column":25}},"loc":{"start":{"line":34,"column":37},"end":{"line":38,"column":1}},"line":34}},"branchMap":{"0":{"loc":{"start":{"line":8,"column":12},"end":{"line":8,"column":49}},"type":"binary-expr","locations":[{"start":{"line":8,"column":12},"end":{"line":8,"column":32}},{"start":{"line":8,"column":36},"end":{"line":8,"column":49}}],"line":8},"1":{"loc":{"start":{"line":13,"column":0},"end":{"line":17,"column":1}},"type":"if","locations":[{"start":{"line":13,"column":0},"end":{"line":17,"column":1}},{"start":{"line":15,"column":7},"end":{"line":17,"column":1}}],"line":13},"2":{"loc":{"start":{"line":23,"column":6},"end":{"line":26,"column":37}},"type":"binary-expr","locations":[{"start":{"line":23,"column":6},"end":{"line":23,"column":29}},{"start":{"line":24,"column":6},"end":{"line":24,"column":23}},{"start":{"line":25,"column":6},"end":{"line":25,"column":30}},{"start":{"line":26,"column":6},"end":{"line":26,"column":37}}],"line":23},"3":{"loc":{"start":{"line":35,"column":2},"end":{"line":37,"column":3}},"type":"if","locations":[{"start":{"line":35,"column":2},"end":{"line":37,"column":3}},{"start":{},"end":{}}],"line":35}},"s":{"0":1,"1":1,"2":1,"3":1,"4":1,"5":1,"6":1,"7":1,"8":1,"9":0,"10":1,"11":1,"12":10,"13":9,"14":9,"15":1,"16":9,"17":9,"18":1,"19":1,"20":1},"f":{"0":10,"1":9,"2":9},"b":{"0":[1,0],"1":[0,1],"2":[10,10,9,9],"3":[9,0]},"_coverageSchema":"1a1c01bbd47fc00a2c39e90264f33305004495a9","hash":"ab2d2fcf730c35c2db519d159b89db8b9ace91c1"}
,"/home/legawa/Documents/Hacktiv8/Phase 3/Final_Project/server/models/myplant.js": {"path":"/home/legawa/Documents/Hacktiv8/Phase 3/Final_Project/server/models/myplant.js","statementMap":{"0":{"start":{"line":4,"column":4},"end":{"line":4,"column":24}},"1":{"start":{"line":5,"column":0},"end":{"line":54,"column":2}},"2":{"start":{"line":14,"column":6},"end":{"line":14,"column":60}},"3":{"start":{"line":15,"column":6},"end":{"line":15,"column":62}},"4":{"start":{"line":18,"column":2},"end":{"line":52,"column":5}},"5":{"start":{"line":53,"column":2},"end":{"line":53,"column":17}}},"fnMap":{"0":{"name":"(anonymous_0)","decl":{"start":{"line":5,"column":17},"end":{"line":5,"column":18}},"loc":{"start":{"line":5,"column":43},"end":{"line":54,"column":1}},"line":5},"1":{"name":"(anonymous_1)","decl":{"start":{"line":12,"column":4},"end":{"line":12,"column":5}},"loc":{"start":{"line":12,"column":29},"end":{"line":16,"column":5}},"line":12}},"branchMap":{},"s":{"0":1,"1":1,"2":1,"3":1,"4":1,"5":1},"f":{"0":1,"1":1},"b":{},"_coverageSchema":"1a1c01bbd47fc00a2c39e90264f33305004495a9","hash":"1bb605b8328c8415734358704dfb222b13151802"}
,"/home/legawa/Documents/Hacktiv8/Phase 3/Final_Project/server/models/myreward.js": {"path":"/home/legawa/Documents/Hacktiv8/Phase 3/Final_Project/server/models/myreward.js","statementMap":{"0":{"start":{"line":4,"column":4},"end":{"line":4,"column":24}},"1":{"start":{"line":5,"column":0},"end":{"line":26,"column":2}},"2":{"start":{"line":14,"column":6},"end":{"line":14,"column":61}},"3":{"start":{"line":15,"column":6},"end":{"line":15,"column":65}},"4":{"start":{"line":18,"column":2},"end":{"line":24,"column":5}},"5":{"start":{"line":25,"column":2},"end":{"line":25,"column":18}}},"fnMap":{"0":{"name":"(anonymous_0)","decl":{"start":{"line":5,"column":17},"end":{"line":5,"column":18}},"loc":{"start":{"line":5,"column":43},"end":{"line":26,"column":1}},"line":5},"1":{"name":"(anonymous_1)","decl":{"start":{"line":12,"column":4},"end":{"line":12,"column":5}},"loc":{"start":{"line":12,"column":29},"end":{"line":16,"column":5}},"line":12}},"branchMap":{},"s":{"0":1,"1":1,"2":1,"3":1,"4":1,"5":1},"f":{"0":1,"1":1},"b":{},"_coverageSchema":"1a1c01bbd47fc00a2c39e90264f33305004495a9","hash":"208342b6ceda0535a6cba68b7f9a77a0afdf3082"}
,"/home/legawa/Documents/Hacktiv8/Phase 3/Final_Project/server/models/plant.js": {"path":"/home/legawa/Documents/Hacktiv8/Phase 3/Final_Project/server/models/plant.js","statementMap":{"0":{"start":{"line":4,"column":4},"end":{"line":4,"column":24}},"1":{"start":{"line":5,"column":0},"end":{"line":27,"column":2}},"2":{"start":{"line":14,"column":6},"end":{"line":14,"column":60}},"3":{"start":{"line":17,"column":2},"end":{"line":25,"column":5}},"4":{"start":{"line":26,"column":2},"end":{"line":26,"column":15}}},"fnMap":{"0":{"name":"(anonymous_0)","decl":{"start":{"line":5,"column":17},"end":{"line":5,"column":18}},"loc":{"start":{"line":5,"column":43},"end":{"line":27,"column":1}},"line":5},"1":{"name":"(anonymous_1)","decl":{"start":{"line":12,"column":4},"end":{"line":12,"column":5}},"loc":{"start":{"line":12,"column":29},"end":{"line":15,"column":5}},"line":12}},"branchMap":{},"s":{"0":1,"1":1,"2":1,"3":1,"4":1},"f":{"0":1,"1":1},"b":{},"_coverageSchema":"1a1c01bbd47fc00a2c39e90264f33305004495a9","hash":"923fe765420ec5fca7962bf58fca73ea7fef8536"}
,"/home/legawa/Documents/Hacktiv8/Phase 3/Final_Project/server/models/reaction.js": {"path":"/home/legawa/Documents/Hacktiv8/Phase 3/Final_Project/server/models/reaction.js","statementMap":{"0":{"start":{"line":4,"column":4},"end":{"line":4,"column":24}},"1":{"start":{"line":5,"column":0},"end":{"line":44,"column":2}},"2":{"start":{"line":14,"column":6},"end":{"line":14,"column":65}},"3":{"start":{"line":15,"column":6},"end":{"line":15,"column":61}},"4":{"start":{"line":18,"column":2},"end":{"line":42,"column":5}},"5":{"start":{"line":43,"column":2},"end":{"line":43,"column":18}}},"fnMap":{"0":{"name":"(anonymous_0)","decl":{"start":{"line":5,"column":17},"end":{"line":5,"column":18}},"loc":{"start":{"line":5,"column":43},"end":{"line":44,"column":1}},"line":5},"1":{"name":"(anonymous_1)","decl":{"start":{"line":12,"column":4},"end":{"line":12,"column":5}},"loc":{"start":{"line":12,"column":29},"end":{"line":16,"column":5}},"line":12}},"branchMap":{},"s":{"0":1,"1":1,"2":1,"3":1,"4":1,"5":1},"f":{"0":1,"1":1},"b":{},"_coverageSchema":"1a1c01bbd47fc00a2c39e90264f33305004495a9","hash":"999fd3a2121ebdc3828de130a458dd7d8253abf8"}
,"/home/legawa/Documents/Hacktiv8/Phase 3/Final_Project/server/models/reward.js": {"path":"/home/legawa/Documents/Hacktiv8/Phase 3/Final_Project/server/models/reward.js","statementMap":{"0":{"start":{"line":4,"column":4},"end":{"line":4,"column":24}},"1":{"start":{"line":5,"column":0},"end":{"line":27,"column":2}},"2":{"start":{"line":14,"column":6},"end":{"line":14,"column":63}},"3":{"start":{"line":17,"column":2},"end":{"line":25,"column":5}},"4":{"start":{"line":26,"column":2},"end":{"line":26,"column":16}}},"fnMap":{"0":{"name":"(anonymous_0)","decl":{"start":{"line":5,"column":17},"end":{"line":5,"column":18}},"loc":{"start":{"line":5,"column":43},"end":{"line":27,"column":1}},"line":5},"1":{"name":"(anonymous_1)","decl":{"start":{"line":12,"column":4},"end":{"line":12,"column":5}},"loc":{"start":{"line":12,"column":29},"end":{"line":15,"column":5}},"line":12}},"branchMap":{},"s":{"0":1,"1":1,"2":1,"3":1,"4":1},"f":{"0":1,"1":1},"b":{},"_coverageSchema":"1a1c01bbd47fc00a2c39e90264f33305004495a9","hash":"0fe2208643b336aeba75741f440f878be785b503"}
,"/home/legawa/Documents/Hacktiv8/Phase 3/Final_Project/server/models/thread.js": {"path":"/home/legawa/Documents/Hacktiv8/Phase 3/Final_Project/server/models/thread.js","statementMap":{"0":{"start":{"line":4,"column":4},"end":{"line":4,"column":24}},"1":{"start":{"line":5,"column":0},"end":{"line":66,"column":2}},"2":{"start":{"line":14,"column":6},"end":{"line":14,"column":57}},"3":{"start":{"line":15,"column":6},"end":{"line":15,"column":60}},"4":{"start":{"line":16,"column":6},"end":{"line":16,"column":61}},"5":{"start":{"line":17,"column":6},"end":{"line":17,"column":59}},"6":{"start":{"line":20,"column":2},"end":{"line":64,"column":5}},"7":{"start":{"line":65,"column":2},"end":{"line":65,"column":16}}},"fnMap":{"0":{"name":"(anonymous_0)","decl":{"start":{"line":5,"column":17},"end":{"line":5,"column":18}},"loc":{"start":{"line":5,"column":43},"end":{"line":66,"column":1}},"line":5},"1":{"name":"(anonymous_1)","decl":{"start":{"line":12,"column":4},"end":{"line":12,"column":5}},"loc":{"start":{"line":12,"column":29},"end":{"line":18,"column":5}},"line":12}},"branchMap":{},"s":{"0":1,"1":1,"2":1,"3":1,"4":1,"5":1,"6":1,"7":1},"f":{"0":1,"1":1},"b":{},"_coverageSchema":"1a1c01bbd47fc00a2c39e90264f33305004495a9","hash":"14ba0a8bce30809bb785cdbcc693cc7774f26223"}
,"/home/legawa/Documents/Hacktiv8/Phase 3/Final_Project/server/models/user.js": {"path":"/home/legawa/Documents/Hacktiv8/Phase 3/Final_Project/server/models/user.js","statementMap":{"0":{"start":{"line":4,"column":4},"end":{"line":4,"column":24}},"1":{"start":{"line":5,"column":21},"end":{"line":5,"column":49}},"2":{"start":{"line":6,"column":0},"end":{"line":83,"column":2}},"3":{"start":{"line":15,"column":6},"end":{"line":15,"column":57}},"4":{"start":{"line":16,"column":6},"end":{"line":16,"column":58}},"5":{"start":{"line":17,"column":6},"end":{"line":17,"column":58}},"6":{"start":{"line":18,"column":6},"end":{"line":18,"column":59}},"7":{"start":{"line":19,"column":6},"end":{"line":19,"column":59}},"8":{"start":{"line":22,"column":2},"end":{"line":81,"column":5}},"9":{"start":{"line":71,"column":8},"end":{"line":71,"column":31}},"10":{"start":{"line":72,"column":8},"end":{"line":72,"column":47}},"11":{"start":{"line":73,"column":8},"end":{"line":73,"column":22}},"12":{"start":{"line":76,"column":8},"end":{"line":76,"column":46}},"13":{"start":{"line":82,"column":2},"end":{"line":82,"column":14}}},"fnMap":{"0":{"name":"(anonymous_0)","decl":{"start":{"line":6,"column":17},"end":{"line":6,"column":18}},"loc":{"start":{"line":6,"column":43},"end":{"line":83,"column":1}},"line":6},"1":{"name":"(anonymous_1)","decl":{"start":{"line":13,"column":4},"end":{"line":13,"column":5}},"loc":{"start":{"line":13,"column":29},"end":{"line":20,"column":5}},"line":13},"2":{"name":"(anonymous_2)","decl":{"start":{"line":70,"column":20},"end":{"line":70,"column":21}},"loc":{"start":{"line":70,"column":30},"end":{"line":74,"column":7}},"line":70},"3":{"name":"(anonymous_3)","decl":{"start":{"line":75,"column":20},"end":{"line":75,"column":21}},"loc":{"start":{"line":75,"column":30},"end":{"line":77,"column":7}},"line":75}},"branchMap":{},"s":{"0":1,"1":1,"2":1,"3":1,"4":1,"5":1,"6":1,"7":1,"8":1,"9":1,"10":1,"11":1,"12":0,"13":1},"f":{"0":1,"1":1,"2":1,"3":0},"b":{},"_coverageSchema":"1a1c01bbd47fc00a2c39e90264f33305004495a9","hash":"464d7c1250070b135ad027206193005233fd354b"}
,"/home/legawa/Documents/Hacktiv8/Phase 3/Final_Project/server/routes/index.js": {"path":"/home/legawa/Documents/Hacktiv8/Phase 3/Final_Project/server/routes/index.js","statementMap":{"0":{"start":{"line":1,"column":16},"end":{"line":1,"column":34}},"1":{"start":{"line":2,"column":15},"end":{"line":2,"column":31}},"2":{"start":{"line":4,"column":21},"end":{"line":4,"column":46}},"3":{"start":{"line":5,"column":21},"end":{"line":5,"column":59}},"4":{"start":{"line":6,"column":19},"end":{"line":6,"column":42}},"5":{"start":{"line":8,"column":0},"end":{"line":10,"column":2}},"6":{"start":{"line":9,"column":4},"end":{"line":9,"column":34}},"7":{"start":{"line":11,"column":0},"end":{"line":11,"column":36}},"8":{"start":{"line":12,"column":0},"end":{"line":12,"column":32}},"9":{"start":{"line":14,"column":0},"end":{"line":14,"column":24}},"10":{"start":{"line":18,"column":0},"end":{"line":18,"column":23}}},"fnMap":{"0":{"name":"(anonymous_0)","decl":{"start":{"line":8,"column":16},"end":{"line":8,"column":17}},"loc":{"start":{"line":8,"column":30},"end":{"line":10,"column":1}},"line":8}},"branchMap":{},"s":{"0":1,"1":1,"2":1,"3":1,"4":1,"5":1,"6":0,"7":1,"8":1,"9":1,"10":1},"f":{"0":0},"b":{},"_coverageSchema":"1a1c01bbd47fc00a2c39e90264f33305004495a9","hash":"e79e3ffc35f7f16fb52ef2f464d3a56b74cf4a88"}
,"/home/legawa/Documents/Hacktiv8/Phase 3/Final_Project/server/routes/threadRouter.js": {"path":"/home/legawa/Documents/Hacktiv8/Phase 3/Final_Project/server/routes/threadRouter.js","statementMap":{"0":{"start":{"line":1,"column":16},"end":{"line":1,"column":34}},"1":{"start":{"line":2,"column":21},"end":{"line":2,"column":37}},"2":{"start":{"line":3,"column":25},"end":{"line":3,"column":67}},"3":{"start":{"line":5,"column":19},"end":{"line":5,"column":58}},"4":{"start":{"line":6,"column":27},"end":{"line":6,"column":57}},"5":{"start":{"line":8,"column":0},"end":{"line":8,"column":32}},"6":{"start":{"line":12,"column":0},"end":{"line":12,"column":76}},"7":{"start":{"line":13,"column":0},"end":{"line":13,"column":71}},"8":{"start":{"line":16,"column":0},"end":{"line":16,"column":74}},"9":{"start":{"line":17,"column":0},"end":{"line":17,"column":66}},"10":{"start":{"line":19,"column":0},"end":{"line":19,"column":50}},"11":{"start":{"line":20,"column":0},"end":{"line":20,"column":75}},"12":{"start":{"line":22,"column":0},"end":{"line":22,"column":58}},"13":{"start":{"line":24,"column":0},"end":{"line":24,"column":29}}},"fnMap":{},"branchMap":{},"s":{"0":1,"1":1,"2":1,"3":1,"4":1,"5":1,"6":1,"7":1,"8":1,"9":1,"10":1,"11":1,"12":1,"13":1},"f":{},"b":{},"_coverageSchema":"1a1c01bbd47fc00a2c39e90264f33305004495a9","hash":"561dd75305037a7a6d550139ce36b0b4db8aaa0d"}
,"/home/legawa/Documents/Hacktiv8/Phase 3/Final_Project/server/routes/userRouter.js": {"path":"/home/legawa/Documents/Hacktiv8/Phase 3/Final_Project/server/routes/userRouter.js","statementMap":{"0":{"start":{"line":1,"column":16},"end":{"line":1,"column":34}},"1":{"start":{"line":2,"column":23},"end":{"line":2,"column":63}},"2":{"start":{"line":3,"column":19},"end":{"line":3,"column":58}},"3":{"start":{"line":4,"column":27},"end":{"line":4,"column":57}},"4":{"start":{"line":5,"column":19},"end":{"line":5,"column":35}},"5":{"start":{"line":7,"column":0},"end":{"line":7,"column":47}},"6":{"start":{"line":8,"column":0},"end":{"line":8,"column":53}},"7":{"start":{"line":12,"column":0},"end":{"line":12,"column":30}},"8":{"start":{"line":13,"column":0},"end":{"line":13,"column":51}},"9":{"start":{"line":14,"column":0},"end":{"line":14,"column":54}},"10":{"start":{"line":16,"column":0},"end":{"line":16,"column":54}},"11":{"start":{"line":17,"column":0},"end":{"line":17,"column":51}},"12":{"start":{"line":18,"column":0},"end":{"line":18,"column":60}},"13":{"start":{"line":19,"column":0},"end":{"line":19,"column":79}},"14":{"start":{"line":21,"column":0},"end":{"line":21,"column":62}},"15":{"start":{"line":23,"column":0},"end":{"line":23,"column":60}},"16":{"start":{"line":25,"column":0},"end":{"line":25,"column":51}},"17":{"start":{"line":26,"column":0},"end":{"line":26,"column":71}},"18":{"start":{"line":29,"column":0},"end":{"line":29,"column":27}}},"fnMap":{},"branchMap":{},"s":{"0":1,"1":1,"2":1,"3":1,"4":1,"5":1,"6":1,"7":1,"8":1,"9":1,"10":1,"11":1,"12":1,"13":1,"14":1,"15":1,"16":1,"17":1,"18":1},"f":{},"b":{},"_coverageSchema":"1a1c01bbd47fc00a2c39e90264f33305004495a9","hash":"cf9824c325ebc698fcff75bb3ea09a7040a11515"}
}
