{"D:\\Hacktive8\\Phase-3\\Final Project\\server\\app.js": {"path":"D:\\Hacktive8\\Phase-3\\Final Project\\server\\app.js","statementMap":{"0":{"start":{"line":1,"column":0},"end":{"line":1,"column":70}},"1":{"start":{"line":1,"column":43},"end":{"line":1,"column":70}},"2":{"start":{"line":3,"column":24},"end":{"line":3,"column":57}},"3":{"start":{"line":5,"column":16},"end":{"line":5,"column":34}},"4":{"start":{"line":6,"column":13},"end":{"line":6,"column":28}},"5":{"start":{"line":8,"column":12},"end":{"line":8,"column":21}},"6":{"start":{"line":9,"column":15},"end":{"line":9,"column":37}},"7":{"start":{"line":11,"column":11},"end":{"line":11,"column":34}},"8":{"start":{"line":13,"column":13},"end":{"line":13,"column":28}},"9":{"start":{"line":14,"column":15},"end":{"line":14,"column":40}},"10":{"start":{"line":17,"column":0},"end":{"line":17,"column":24}},"11":{"start":{"line":18,"column":0},"end":{"line":18,"column":48}},"12":{"start":{"line":19,"column":0},"end":{"line":19,"column":16}},"13":{"start":{"line":20,"column":0},"end":{"line":20,"column":21}},"14":{"start":{"line":22,"column":0},"end":{"line":22,"column":50}},"15":{"start":{"line":22,"column":27},"end":{"line":22,"column":48}},"16":{"start":{"line":26,"column":0},"end":{"line":26,"column":36}}},"fnMap":{"0":{"name":"(anonymous_0)","decl":{"start":{"line":22,"column":13},"end":{"line":22,"column":14}},"loc":{"start":{"line":22,"column":27},"end":{"line":22,"column":48}},"line":22}},"branchMap":{"0":{"loc":{"start":{"line":1,"column":0},"end":{"line":1,"column":70}},"type":"if","locations":[{"start":{"line":1,"column":0},"end":{"line":1,"column":70}},{"start":{},"end":{}}],"line":1}},"s":{"0":2,"1":2,"2":2,"3":2,"4":2,"5":2,"6":2,"7":2,"8":2,"9":2,"10":2,"11":2,"12":2,"13":2,"14":2,"15":0,"16":2},"f":{"0":0},"b":{"0":[2,0]},"_coverageSchema":"1a1c01bbd47fc00a2c39e90264f33305004495a9","hash":"17fea97f3ead32c99e5d8d9b8dc8b32e1665955f"}
,"D:\\Hacktive8\\Phase-3\\Final Project\\server\\config_socket\\socket.js": {"path":"D:\\Hacktive8\\Phase-3\\Final Project\\server\\config_socket\\socket.js","statementMap":{"0":{"start":{"line":1,"column":19},"end":{"line":1,"column":39}},"1":{"start":{"line":2,"column":26},"end":{"line":2,"column":69}},"2":{"start":{"line":5,"column":13},"end":{"line":10,"column":4}},"3":{"start":{"line":12,"column":2},"end":{"line":65,"column":5}},"4":{"start":{"line":16,"column":4},"end":{"line":21,"column":7}},"5":{"start":{"line":17,"column":27},"end":{"line":17,"column":33}},"6":{"start":{"line":18,"column":6},"end":{"line":18,"column":28}},"7":{"start":{"line":24,"column":4},"end":{"line":28,"column":7}},"8":{"start":{"line":25,"column":27},"end":{"line":25,"column":33}},"9":{"start":{"line":26,"column":6},"end":{"line":26,"column":29}},"10":{"start":{"line":27,"column":6},"end":{"line":27,"column":64}},"11":{"start":{"line":30,"column":4},"end":{"line":60,"column":7}},"12":{"start":{"line":33,"column":44},"end":{"line":33,"column":51}},"13":{"start":{"line":38,"column":6},"end":{"line":59,"column":11}},"14":{"start":{"line":41,"column":10},"end":{"line":41,"column":66}},"15":{"start":{"line":43,"column":10},"end":{"line":43,"column":52}},"16":{"start":{"line":45,"column":10},"end":{"line":45,"column":71}},"17":{"start":{"line":58,"column":10},"end":{"line":58,"column":36}},"18":{"start":{"line":67,"column":2},"end":{"line":67,"column":12}},"19":{"start":{"line":70,"column":0},"end":{"line":70,"column":33}}},"fnMap":{"0":{"name":"configureSocket","decl":{"start":{"line":4,"column":9},"end":{"line":4,"column":24}},"loc":{"start":{"line":4,"column":33},"end":{"line":68,"column":1}},"line":4},"1":{"name":"(anonymous_1)","decl":{"start":{"line":12,"column":22},"end":{"line":12,"column":23}},"loc":{"start":{"line":12,"column":34},"end":{"line":65,"column":3}},"line":12},"2":{"name":"(anonymous_2)","decl":{"start":{"line":16,"column":26},"end":{"line":16,"column":27}},"loc":{"start":{"line":16,"column":38},"end":{"line":21,"column":5}},"line":16},"3":{"name":"(anonymous_3)","decl":{"start":{"line":24,"column":27},"end":{"line":24,"column":28}},"loc":{"start":{"line":24,"column":39},"end":{"line":28,"column":5}},"line":24},"4":{"name":"(anonymous_4)","decl":{"start":{"line":30,"column":31},"end":{"line":30,"column":32}},"loc":{"start":{"line":30,"column":44},"end":{"line":60,"column":5}},"line":30},"5":{"name":"(anonymous_5)","decl":{"start":{"line":39,"column":14},"end":{"line":39,"column":15}},"loc":{"start":{"line":39,"column":30},"end":{"line":55,"column":9}},"line":39},"6":{"name":"(anonymous_6)","decl":{"start":{"line":56,"column":15},"end":{"line":56,"column":16}},"loc":{"start":{"line":56,"column":26},"end":{"line":59,"column":9}},"line":56}},"branchMap":{},"s":{"0":2,"1":2,"2":2,"3":2,"4":1,"5":1,"6":1,"7":1,"8":0,"9":0,"10":0,"11":1,"12":1,"13":1,"14":1,"15":1,"16":1,"17":0,"18":2,"19":2},"f":{"0":2,"1":1,"2":1,"3":0,"4":1,"5":1,"6":0},"b":{},"_coverageSchema":"1a1c01bbd47fc00a2c39e90264f33305004495a9","hash":"0de6256f2738be3ba7a71e814050851af47bd1f4"}
,"D:\\Hacktive8\\Phase-3\\Final Project\\server\\controllers\\askController.js": {"path":"D:\\Hacktive8\\Phase-3\\Final Project\\server\\controllers\\askController.js","statementMap":{"0":{"start":{"line":1,"column":15},"end":{"line":1,"column":32}},"1":{"start":{"line":3,"column":15},"end":{"line":5,"column":2}},"2":{"start":{"line":7,"column":0},"end":{"line":40,"column":2}},"3":{"start":{"line":9,"column":4},"end":{"line":38,"column":5}},"4":{"start":{"line":10,"column":40},"end":{"line":10,"column":48}},"5":{"start":{"line":11,"column":6},"end":{"line":11,"column":28}},"6":{"start":{"line":13,"column":6},"end":{"line":21,"column":7}},"7":{"start":{"line":14,"column":8},"end":{"line":14,"column":52}},"8":{"start":{"line":15,"column":13},"end":{"line":21,"column":7}},"9":{"start":{"line":16,"column":8},"end":{"line":16,"column":59}},"10":{"start":{"line":17,"column":13},"end":{"line":21,"column":7}},"11":{"start":{"line":18,"column":8},"end":{"line":18,"column":68}},"12":{"start":{"line":20,"column":8},"end":{"line":20,"column":78}},"13":{"start":{"line":23,"column":25},"end":{"line":31,"column":8}},"14":{"start":{"line":33,"column":6},"end":{"line":33,"column":44}},"15":{"start":{"line":34,"column":6},"end":{"line":34,"column":47}},"16":{"start":{"line":36,"column":6},"end":{"line":36,"column":27}},"17":{"start":{"line":37,"column":6},"end":{"line":37,"column":63}}},"fnMap":{"0":{"name":"(anonymous_0)","decl":{"start":{"line":8,"column":2},"end":{"line":8,"column":3}},"loc":{"start":{"line":8,"column":42},"end":{"line":39,"column":3}},"line":8}},"branchMap":{"0":{"loc":{"start":{"line":13,"column":6},"end":{"line":21,"column":7}},"type":"if","locations":[{"start":{"line":13,"column":6},"end":{"line":21,"column":7}},{"start":{"line":15,"column":13},"end":{"line":21,"column":7}}],"line":13},"1":{"loc":{"start":{"line":15,"column":13},"end":{"line":21,"column":7}},"type":"if","locations":[{"start":{"line":15,"column":13},"end":{"line":21,"column":7}},{"start":{"line":17,"column":13},"end":{"line":21,"column":7}}],"line":15},"2":{"loc":{"start":{"line":17,"column":13},"end":{"line":21,"column":7}},"type":"if","locations":[{"start":{"line":17,"column":13},"end":{"line":21,"column":7}},{"start":{"line":19,"column":13},"end":{"line":21,"column":7}}],"line":17}},"s":{"0":2,"1":2,"2":2,"3":1,"4":1,"5":1,"6":1,"7":1,"8":0,"9":0,"10":0,"11":0,"12":0,"13":1,"14":0,"15":0,"16":0,"17":0},"f":{"0":1},"b":{"0":[1,0],"1":[0,0],"2":[0,0]},"_coverageSchema":"1a1c01bbd47fc00a2c39e90264f33305004495a9","hash":"de602d5e42f0b554170c4570df64a91d8e422654"}
,"D:\\Hacktive8\\Phase-3\\Final Project\\server\\controllers\\authController.js": {"path":"D:\\Hacktive8\\Phase-3\\Final Project\\server\\controllers\\authController.js","statementMap":{"0":{"start":{"line":1,"column":26},"end":{"line":1,"column":51}},"1":{"start":{"line":2,"column":17},"end":{"line":2,"column":37}},"2":{"start":{"line":4,"column":0},"end":{"line":31,"column":2}},"3":{"start":{"line":6,"column":4},"end":{"line":29,"column":5}},"4":{"start":{"line":7,"column":34},"end":{"line":7,"column":42}},"5":{"start":{"line":9,"column":6},"end":{"line":11,"column":7}},"6":{"start":{"line":10,"column":8},"end":{"line":10,"column":37}},"7":{"start":{"line":13,"column":6},"end":{"line":15,"column":7}},"8":{"start":{"line":14,"column":8},"end":{"line":14,"column":40}},"9":{"start":{"line":17,"column":19},"end":{"line":17,"column":57}},"10":{"start":{"line":19,"column":6},"end":{"line":21,"column":7}},"11":{"start":{"line":20,"column":8},"end":{"line":20,"column":39}},"12":{"start":{"line":23,"column":27},"end":{"line":23,"column":57}},"13":{"start":{"line":25,"column":6},"end":{"line":25,"column":45}},"14":{"start":{"line":28,"column":6},"end":{"line":28,"column":31}}},"fnMap":{"0":{"name":"(anonymous_0)","decl":{"start":{"line":5,"column":2},"end":{"line":5,"column":3}},"loc":{"start":{"line":5,"column":37},"end":{"line":30,"column":3}},"line":5}},"branchMap":{"0":{"loc":{"start":{"line":9,"column":6},"end":{"line":11,"column":7}},"type":"if","locations":[{"start":{"line":9,"column":6},"end":{"line":11,"column":7}},{"start":{},"end":{}}],"line":9},"1":{"loc":{"start":{"line":13,"column":6},"end":{"line":15,"column":7}},"type":"if","locations":[{"start":{"line":13,"column":6},"end":{"line":15,"column":7}},{"start":{},"end":{}}],"line":13},"2":{"loc":{"start":{"line":19,"column":6},"end":{"line":21,"column":7}},"type":"if","locations":[{"start":{"line":19,"column":6},"end":{"line":21,"column":7}},{"start":{},"end":{}}],"line":19}},"s":{"0":2,"1":2,"2":2,"3":0,"4":0,"5":0,"6":0,"7":0,"8":0,"9":0,"10":0,"11":0,"12":0,"13":0,"14":0},"f":{"0":0},"b":{"0":[0,0],"1":[0,0],"2":[0,0]},"_coverageSchema":"1a1c01bbd47fc00a2c39e90264f33305004495a9","hash":"5f40773f5fea353cf803aeaf6a84635d908c5a8f"}
,"D:\\Hacktive8\\Phase-3\\Final Project\\server\\controllers\\commentController.js": {"path":"D:\\Hacktive8\\Phase-3\\Final Project\\server\\controllers\\commentController.js","statementMap":{"0":{"start":{"line":1,"column":20},"end":{"line":1,"column":40}},"1":{"start":{"line":3,"column":0},"end":{"line":16,"column":1}},"2":{"start":{"line":6,"column":6},"end":{"line":14,"column":7}},"3":{"start":{"line":8,"column":27},"end":{"line":8,"column":77}},"4":{"start":{"line":11,"column":8},"end":{"line":11,"column":25}},"5":{"start":{"line":13,"column":8},"end":{"line":13,"column":34}}},"fnMap":{"0":{"name":"(anonymous_0)","decl":{"start":{"line":5,"column":4},"end":{"line":5,"column":5}},"loc":{"start":{"line":5,"column":55},"end":{"line":15,"column":5}},"line":5}},"branchMap":{},"s":{"0":2,"1":2,"2":1,"3":1,"4":1,"5":0},"f":{"0":1},"b":{},"_coverageSchema":"1a1c01bbd47fc00a2c39e90264f33305004495a9","hash":"414a9eb1801ae5adf08bcd74f2fcfbfd682ab873"}
,"D:\\Hacktive8\\Phase-3\\Final Project\\server\\controllers\\forumController.js": {"path":"D:\\Hacktive8\\Phase-3\\Final Project\\server\\controllers\\forumController.js","statementMap":{"0":{"start":{"line":1,"column":18},"end":{"line":1,"column":38}},"1":{"start":{"line":3,"column":0},"end":{"line":37,"column":1}},"2":{"start":{"line":6,"column":6},"end":{"line":15,"column":7}},"3":{"start":{"line":7,"column":23},"end":{"line":11,"column":10}},"4":{"start":{"line":12,"column":8},"end":{"line":12,"column":24}},"5":{"start":{"line":14,"column":8},"end":{"line":14,"column":19}},"6":{"start":{"line":19,"column":6},"end":{"line":34,"column":7}},"7":{"start":{"line":20,"column":28},"end":{"line":20,"column":38}},"8":{"start":{"line":21,"column":22},"end":{"line":25,"column":10}},"9":{"start":{"line":27,"column":8},"end":{"line":29,"column":9}},"10":{"start":{"line":28,"column":10},"end":{"line":28,"column":37}},"11":{"start":{"line":31,"column":8},"end":{"line":31,"column":35}},"12":{"start":{"line":33,"column":8},"end":{"line":33,"column":19}}},"fnMap":{"0":{"name":"(anonymous_0)","decl":{"start":{"line":5,"column":4},"end":{"line":5,"column":5}},"loc":{"start":{"line":5,"column":42},"end":{"line":16,"column":5}},"line":5},"1":{"name":"(anonymous_1)","decl":{"start":{"line":18,"column":4},"end":{"line":18,"column":5}},"loc":{"start":{"line":18,"column":46},"end":{"line":35,"column":5}},"line":18}},"branchMap":{"0":{"loc":{"start":{"line":27,"column":8},"end":{"line":29,"column":9}},"type":"if","locations":[{"start":{"line":27,"column":8},"end":{"line":29,"column":9}},{"start":{},"end":{}}],"line":27}},"s":{"0":2,"1":2,"2":0,"3":0,"4":0,"5":0,"6":0,"7":0,"8":0,"9":0,"10":0,"11":0,"12":0},"f":{"0":0,"1":0},"b":{"0":[0,0]},"_coverageSchema":"1a1c01bbd47fc00a2c39e90264f33305004495a9","hash":"dc4f19da353a6516e1cd7e353a712ae78f0d6661"}
,"D:\\Hacktive8\\Phase-3\\Final Project\\server\\controllers\\threadController.js": {"path":"D:\\Hacktive8\\Phase-3\\Final Project\\server\\controllers\\threadController.js","statementMap":{"0":{"start":{"line":4,"column":8},"end":{"line":14,"column":9}},"1":{"start":{"line":5,"column":42},"end":{"line":5,"column":51}},"2":{"start":{"line":6,"column":26},"end":{"line":6,"column":27}},"3":{"start":{"line":7,"column":25},"end":{"line":7,"column":62}},"4":{"start":{"line":9,"column":12},"end":{"line":9,"column":46}},"5":{"start":{"line":9,"column":22},"end":{"line":9,"column":46}},"6":{"start":{"line":11,"column":28},"end":{"line":11,"column":56}},"7":{"start":{"line":13,"column":12},"end":{"line":13,"column":30}},"8":{"start":{"line":18,"column":0},"end":{"line":18,"column":33}}},"fnMap":{"0":{"name":"(anonymous_0)","decl":{"start":{"line":3,"column":4},"end":{"line":3,"column":5}},"loc":{"start":{"line":3,"column":44},"end":{"line":15,"column":5}},"line":3}},"branchMap":{"0":{"loc":{"start":{"line":9,"column":12},"end":{"line":9,"column":46}},"type":"if","locations":[{"start":{"line":9,"column":12},"end":{"line":9,"column":46}},{"start":{},"end":{}}],"line":9}},"s":{"0":0,"1":0,"2":0,"3":0,"4":0,"5":0,"6":0,"7":0,"8":2},"f":{"0":0},"b":{"0":[0,0]},"_coverageSchema":"1a1c01bbd47fc00a2c39e90264f33305004495a9","hash":"64dd751ab1247836dd672a56664bb5eb70bd9021"}
,"D:\\Hacktive8\\Phase-3\\Final Project\\server\\helpers\\bcrypt.js": {"path":"D:\\Hacktive8\\Phase-3\\Final Project\\server\\helpers\\bcrypt.js","statementMap":{"0":{"start":{"line":1,"column":15},"end":{"line":1,"column":34}},"1":{"start":{"line":3,"column":17},"end":{"line":5,"column":1}},"2":{"start":{"line":4,"column":4},"end":{"line":4,"column":36}},"3":{"start":{"line":7,"column":20},"end":{"line":9,"column":1}},"4":{"start":{"line":8,"column":4},"end":{"line":8,"column":51}},"5":{"start":{"line":11,"column":0},"end":{"line":14,"column":1}}},"fnMap":{"0":{"name":"(anonymous_0)","decl":{"start":{"line":3,"column":17},"end":{"line":3,"column":18}},"loc":{"start":{"line":3,"column":31},"end":{"line":5,"column":1}},"line":3},"1":{"name":"(anonymous_1)","decl":{"start":{"line":7,"column":20},"end":{"line":7,"column":21}},"loc":{"start":{"line":7,"column":46},"end":{"line":9,"column":1}},"line":7}},"branchMap":{},"s":{"0":2,"1":2,"2":4,"3":2,"4":0,"5":2},"f":{"0":4,"1":0},"b":{},"_coverageSchema":"1a1c01bbd47fc00a2c39e90264f33305004495a9","hash":"767095b7872f4d744e12c70cf45d47c7c26dcfaf"}
,"D:\\Hacktive8\\Phase-3\\Final Project\\server\\helpers\\jwt.js": {"path":"D:\\Hacktive8\\Phase-3\\Final Project\\server\\helpers\\jwt.js","statementMap":{"0":{"start":{"line":1,"column":12},"end":{"line":1,"column":35}},"1":{"start":{"line":3,"column":22},"end":{"line":5,"column":1}},"2":{"start":{"line":4,"column":4},"end":{"line":4,"column":48}},"3":{"start":{"line":7,"column":20},"end":{"line":9,"column":1}},"4":{"start":{"line":8,"column":4},"end":{"line":8,"column":48}},"5":{"start":{"line":11,"column":0},"end":{"line":14,"column":1}}},"fnMap":{"0":{"name":"(anonymous_0)","decl":{"start":{"line":3,"column":22},"end":{"line":3,"column":23}},"loc":{"start":{"line":3,"column":35},"end":{"line":5,"column":1}},"line":3},"1":{"name":"(anonymous_1)","decl":{"start":{"line":7,"column":20},"end":{"line":7,"column":21}},"loc":{"start":{"line":7,"column":31},"end":{"line":9,"column":1}},"line":7}},"branchMap":{},"s":{"0":2,"1":2,"2":4,"3":2,"4":0,"5":2},"f":{"0":4,"1":0},"b":{},"_coverageSchema":"1a1c01bbd47fc00a2c39e90264f33305004495a9","hash":"c8d7f88da526a44112e5b62855286835a6909504"}
,"D:\\Hacktive8\\Phase-3\\Final Project\\server\\middlewares\\auth.js": {"path":"D:\\Hacktive8\\Phase-3\\Final Project\\server\\middlewares\\auth.js","statementMap":{"0":{"start":{"line":1,"column":24},"end":{"line":1,"column":49}},"1":{"start":{"line":2,"column":23},"end":{"line":2,"column":43}},"2":{"start":{"line":5,"column":4},"end":{"line":20,"column":5}},"3":{"start":{"line":6,"column":31},"end":{"line":6,"column":42}},"4":{"start":{"line":8,"column":24},"end":{"line":8,"column":49}},"5":{"start":{"line":10,"column":21},"end":{"line":10,"column":52}},"6":{"start":{"line":12,"column":8},"end":{"line":14,"column":9}},"7":{"start":{"line":13,"column":12},"end":{"line":13,"column":40}},"8":{"start":{"line":16,"column":8},"end":{"line":16,"column":57}},"9":{"start":{"line":17,"column":8},"end":{"line":17,"column":14}},"10":{"start":{"line":19,"column":8},"end":{"line":19,"column":19}},"11":{"start":{"line":24,"column":4},"end":{"line":38,"column":5}},"12":{"start":{"line":25,"column":31},"end":{"line":25,"column":39}},"13":{"start":{"line":27,"column":23},"end":{"line":27,"column":59}},"14":{"start":{"line":29,"column":8},"end":{"line":31,"column":9}},"15":{"start":{"line":30,"column":12},"end":{"line":30,"column":36}},"16":{"start":{"line":35,"column":8},"end":{"line":35,"column":14}},"17":{"start":{"line":37,"column":8},"end":{"line":37,"column":19}},"18":{"start":{"line":41,"column":0},"end":{"line":44,"column":1}}},"fnMap":{"0":{"name":"authentication","decl":{"start":{"line":4,"column":15},"end":{"line":4,"column":29}},"loc":{"start":{"line":4,"column":45},"end":{"line":21,"column":1}},"line":4},"1":{"name":"authorization","decl":{"start":{"line":23,"column":15},"end":{"line":23,"column":28}},"loc":{"start":{"line":23,"column":44},"end":{"line":39,"column":1}},"line":23}},"branchMap":{"0":{"loc":{"start":{"line":12,"column":8},"end":{"line":14,"column":9}},"type":"if","locations":[{"start":{"line":12,"column":8},"end":{"line":14,"column":9}},{"start":{},"end":{}}],"line":12},"1":{"loc":{"start":{"line":29,"column":8},"end":{"line":31,"column":9}},"type":"if","locations":[{"start":{"line":29,"column":8},"end":{"line":31,"column":9}},{"start":{},"end":{}}],"line":29}},"s":{"0":2,"1":2,"2":0,"3":0,"4":0,"5":0,"6":0,"7":0,"8":0,"9":0,"10":0,"11":0,"12":0,"13":0,"14":0,"15":0,"16":0,"17":0,"18":2},"f":{"0":0,"1":0},"b":{"0":[0,0],"1":[0,0]},"_coverageSchema":"1a1c01bbd47fc00a2c39e90264f33305004495a9","hash":"d2e2989bcc8e67972652bb39e4d572c69c147339"}
,"D:\\Hacktive8\\Phase-3\\Final Project\\server\\middlewares\\errorHandler.js": {"path":"D:\\Hacktive8\\Phase-3\\Final Project\\server\\middlewares\\errorHandler.js","statementMap":{"0":{"start":{"line":4,"column":17},"end":{"line":4,"column":36}},"1":{"start":{"line":5,"column":18},"end":{"line":5,"column":58}},"2":{"start":{"line":8,"column":4},"end":{"line":41,"column":5}},"3":{"start":{"line":10,"column":12},"end":{"line":10,"column":24}},"4":{"start":{"line":11,"column":12},"end":{"line":11,"column":45}},"5":{"start":{"line":12,"column":8},"end":{"line":12,"column":14}},"6":{"start":{"line":14,"column":12},"end":{"line":14,"column":24}},"7":{"start":{"line":15,"column":12},"end":{"line":15,"column":48}},"8":{"start":{"line":16,"column":8},"end":{"line":16,"column":14}},"9":{"start":{"line":18,"column":12},"end":{"line":18,"column":24}},"10":{"start":{"line":19,"column":12},"end":{"line":19,"column":44}},"11":{"start":{"line":20,"column":8},"end":{"line":20,"column":14}},"12":{"start":{"line":22,"column":12},"end":{"line":22,"column":24}},"13":{"start":{"line":23,"column":12},"end":{"line":23,"column":44}},"14":{"start":{"line":24,"column":8},"end":{"line":24,"column":14}},"15":{"start":{"line":26,"column":12},"end":{"line":26,"column":24}},"16":{"start":{"line":27,"column":12},"end":{"line":27,"column":38}},"17":{"start":{"line":28,"column":8},"end":{"line":28,"column":14}},"18":{"start":{"line":30,"column":12},"end":{"line":30,"column":24}},"19":{"start":{"line":31,"column":12},"end":{"line":31,"column":37}},"20":{"start":{"line":32,"column":8},"end":{"line":32,"column":14}},"21":{"start":{"line":34,"column":12},"end":{"line":34,"column":24}},"22":{"start":{"line":35,"column":12},"end":{"line":35,"column":33}},"23":{"start":{"line":36,"column":8},"end":{"line":36,"column":14}},"24":{"start":{"line":38,"column":12},"end":{"line":38,"column":24}},"25":{"start":{"line":39,"column":12},"end":{"line":39,"column":33}},"26":{"start":{"line":40,"column":8},"end":{"line":40,"column":13}},"27":{"start":{"line":43,"column":4},"end":{"line":43,"column":38}},"28":{"start":{"line":46,"column":0},"end":{"line":46,"column":29}}},"fnMap":{"0":{"name":"errorHandler","decl":{"start":{"line":3,"column":9},"end":{"line":3,"column":21}},"loc":{"start":{"line":3,"column":44},"end":{"line":44,"column":1}},"line":3}},"branchMap":{"0":{"loc":{"start":{"line":4,"column":17},"end":{"line":4,"column":36}},"type":"binary-expr","locations":[{"start":{"line":4,"column":17},"end":{"line":4,"column":29}},{"start":{"line":4,"column":33},"end":{"line":4,"column":36}}],"line":4},"1":{"loc":{"start":{"line":5,"column":18},"end":{"line":5,"column":58}},"type":"binary-expr","locations":[{"start":{"line":5,"column":18},"end":{"line":5,"column":31}},{"start":{"line":5,"column":35},"end":{"line":5,"column":58}}],"line":5},"2":{"loc":{"start":{"line":8,"column":4},"end":{"line":41,"column":5}},"type":"switch","locations":[{"start":{"line":9,"column":8},"end":{"line":12,"column":14}},{"start":{"line":13,"column":8},"end":{"line":16,"column":14}},{"start":{"line":17,"column":8},"end":{"line":20,"column":14}},{"start":{"line":21,"column":8},"end":{"line":24,"column":14}},{"start":{"line":25,"column":8},"end":{"line":28,"column":14}},{"start":{"line":29,"column":8},"end":{"line":32,"column":14}},{"start":{"line":33,"column":8},"end":{"line":36,"column":14}},{"start":{"line":37,"column":8},"end":{"line":40,"column":13}}],"line":8}},"s":{"0":0,"1":0,"2":0,"3":0,"4":0,"5":0,"6":0,"7":0,"8":0,"9":0,"10":0,"11":0,"12":0,"13":0,"14":0,"15":0,"16":0,"17":0,"18":0,"19":0,"20":0,"21":0,"22":0,"23":0,"24":0,"25":0,"26":0,"27":0,"28":2},"f":{"0":0},"b":{"0":[0,0],"1":[0,0],"2":[0,0,0,0,0,0,0,0]},"_coverageSchema":"1a1c01bbd47fc00a2c39e90264f33305004495a9","hash":"03eaeab88d16b568b67d1aa11e44ae68294669ee"}
,"D:\\Hacktive8\\Phase-3\\Final Project\\server\\models\\comment.js": {"path":"D:\\Hacktive8\\Phase-3\\Final Project\\server\\models\\comment.js","statementMap":{"0":{"start":{"line":4,"column":4},"end":{"line":4,"column":24}},"1":{"start":{"line":5,"column":0},"end":{"line":52,"column":2}},"2":{"start":{"line":14,"column":6},"end":{"line":14,"column":60}},"3":{"start":{"line":15,"column":6},"end":{"line":15,"column":64}},"4":{"start":{"line":18,"column":2},"end":{"line":50,"column":5}},"5":{"start":{"line":51,"column":2},"end":{"line":51,"column":17}}},"fnMap":{"0":{"name":"(anonymous_0)","decl":{"start":{"line":5,"column":17},"end":{"line":5,"column":18}},"loc":{"start":{"line":5,"column":43},"end":{"line":52,"column":1}},"line":5},"1":{"name":"(anonymous_1)","decl":{"start":{"line":12,"column":4},"end":{"line":12,"column":5}},"loc":{"start":{"line":12,"column":29},"end":{"line":16,"column":5}},"line":12}},"branchMap":{},"s":{"0":2,"1":2,"2":2,"3":2,"4":2,"5":2},"f":{"0":2,"1":2},"b":{},"_coverageSchema":"1a1c01bbd47fc00a2c39e90264f33305004495a9","hash":"b66621c91f0e8021dac213e1b54fd753d4ae98b0"}
,"D:\\Hacktive8\\Phase-3\\Final Project\\server\\models\\forum.js": {"path":"D:\\Hacktive8\\Phase-3\\Final Project\\server\\models\\forum.js","statementMap":{"0":{"start":{"line":4,"column":4},"end":{"line":4,"column":24}},"1":{"start":{"line":5,"column":0},"end":{"line":39,"column":2}},"2":{"start":{"line":14,"column":6},"end":{"line":14,"column":59}},"3":{"start":{"line":17,"column":2},"end":{"line":37,"column":5}},"4":{"start":{"line":38,"column":2},"end":{"line":38,"column":15}}},"fnMap":{"0":{"name":"(anonymous_0)","decl":{"start":{"line":5,"column":17},"end":{"line":5,"column":18}},"loc":{"start":{"line":5,"column":43},"end":{"line":39,"column":1}},"line":5},"1":{"name":"(anonymous_1)","decl":{"start":{"line":12,"column":4},"end":{"line":12,"column":5}},"loc":{"start":{"line":12,"column":29},"end":{"line":15,"column":5}},"line":12}},"branchMap":{},"s":{"0":2,"1":2,"2":2,"3":2,"4":2},"f":{"0":2,"1":2},"b":{},"_coverageSchema":"1a1c01bbd47fc00a2c39e90264f33305004495a9","hash":"e0e5b8f27b9f8a2eecd6a4f6c18efe78e16f3a04"}
,"D:\\Hacktive8\\Phase-3\\Final Project\\server\\models\\index.js": {"path":"D:\\Hacktive8\\Phase-3\\Final Project\\server\\models\\index.js","statementMap":{"0":{"start":{"line":3,"column":11},"end":{"line":3,"column":24}},"1":{"start":{"line":4,"column":13},"end":{"line":4,"column":28}},"2":{"start":{"line":5,"column":18},"end":{"line":5,"column":38}},"3":{"start":{"line":6,"column":16},"end":{"line":6,"column":34}},"4":{"start":{"line":7,"column":17},"end":{"line":7,"column":42}},"5":{"start":{"line":8,"column":12},"end":{"line":8,"column":49}},"6":{"start":{"line":9,"column":15},"end":{"line":9,"column":65}},"7":{"start":{"line":10,"column":11},"end":{"line":10,"column":13}},"8":{"start":{"line":13,"column":0},"end":{"line":17,"column":1}},"9":{"start":{"line":14,"column":2},"end":{"line":14,"column":74}},"10":{"start":{"line":16,"column":2},"end":{"line":16,"column":87}},"11":{"start":{"line":19,"column":0},"end":{"line":32,"column":5}},"12":{"start":{"line":22,"column":4},"end":{"line":27,"column":6}},"13":{"start":{"line":30,"column":18},"end":{"line":30,"column":85}},"14":{"start":{"line":31,"column":4},"end":{"line":31,"column":27}},"15":{"start":{"line":34,"column":0},"end":{"line":38,"column":3}},"16":{"start":{"line":35,"column":2},"end":{"line":37,"column":3}},"17":{"start":{"line":36,"column":4},"end":{"line":36,"column":32}},"18":{"start":{"line":40,"column":0},"end":{"line":40,"column":25}},"19":{"start":{"line":41,"column":0},"end":{"line":41,"column":25}},"20":{"start":{"line":43,"column":0},"end":{"line":43,"column":20}}},"fnMap":{"0":{"name":"(anonymous_0)","decl":{"start":{"line":21,"column":10},"end":{"line":21,"column":11}},"loc":{"start":{"line":21,"column":18},"end":{"line":28,"column":3}},"line":21},"1":{"name":"(anonymous_1)","decl":{"start":{"line":29,"column":11},"end":{"line":29,"column":12}},"loc":{"start":{"line":29,"column":19},"end":{"line":32,"column":3}},"line":29},"2":{"name":"(anonymous_2)","decl":{"start":{"line":34,"column":24},"end":{"line":34,"column":25}},"loc":{"start":{"line":34,"column":37},"end":{"line":38,"column":1}},"line":34}},"branchMap":{"0":{"loc":{"start":{"line":8,"column":12},"end":{"line":8,"column":49}},"type":"binary-expr","locations":[{"start":{"line":8,"column":12},"end":{"line":8,"column":32}},{"start":{"line":8,"column":36},"end":{"line":8,"column":49}}],"line":8},"1":{"loc":{"start":{"line":13,"column":0},"end":{"line":17,"column":1}},"type":"if","locations":[{"start":{"line":13,"column":0},"end":{"line":17,"column":1}},{"start":{"line":15,"column":7},"end":{"line":17,"column":1}}],"line":13},"2":{"loc":{"start":{"line":23,"column":6},"end":{"line":26,"column":37}},"type":"binary-expr","locations":[{"start":{"line":23,"column":6},"end":{"line":23,"column":29}},{"start":{"line":24,"column":6},"end":{"line":24,"column":23}},{"start":{"line":25,"column":6},"end":{"line":25,"column":30}},{"start":{"line":26,"column":6},"end":{"line":26,"column":37}}],"line":23},"3":{"loc":{"start":{"line":35,"column":2},"end":{"line":37,"column":3}},"type":"if","locations":[{"start":{"line":35,"column":2},"end":{"line":37,"column":3}},{"start":{},"end":{}}],"line":35}},"s":{"0":2,"1":2,"2":2,"3":2,"4":2,"5":2,"6":2,"7":2,"8":2,"9":0,"10":2,"11":2,"12":14,"13":12,"14":12,"15":2,"16":12,"17":12,"18":2,"19":2,"20":2},"f":{"0":14,"1":12,"2":12},"b":{"0":[2,0],"1":[0,2],"2":[14,14,12,12],"3":[12,0]},"_coverageSchema":"1a1c01bbd47fc00a2c39e90264f33305004495a9","hash":"57c409d96df80f19ffcddfe7632e411b6e7a225a"}
,"D:\\Hacktive8\\Phase-3\\Final Project\\server\\models\\myplant.js": {"path":"D:\\Hacktive8\\Phase-3\\Final Project\\server\\models\\myplant.js","statementMap":{"0":{"start":{"line":4,"column":4},"end":{"line":4,"column":24}},"1":{"start":{"line":5,"column":0},"end":{"line":48,"column":2}},"2":{"start":{"line":14,"column":6},"end":{"line":14,"column":60}},"3":{"start":{"line":18,"column":2},"end":{"line":46,"column":5}},"4":{"start":{"line":47,"column":2},"end":{"line":47,"column":17}}},"fnMap":{"0":{"name":"(anonymous_0)","decl":{"start":{"line":5,"column":17},"end":{"line":5,"column":18}},"loc":{"start":{"line":5,"column":43},"end":{"line":48,"column":1}},"line":5},"1":{"name":"(anonymous_1)","decl":{"start":{"line":12,"column":4},"end":{"line":12,"column":5}},"loc":{"start":{"line":12,"column":29},"end":{"line":16,"column":5}},"line":12}},"branchMap":{},"s":{"0":2,"1":2,"2":2,"3":2,"4":2},"f":{"0":2,"1":2},"b":{},"_coverageSchema":"1a1c01bbd47fc00a2c39e90264f33305004495a9","hash":"bb1325fab544152fa8d735adf15e94e19d57d0a4"}
,"D:\\Hacktive8\\Phase-3\\Final Project\\server\\models\\reaction.js": {"path":"D:\\Hacktive8\\Phase-3\\Final Project\\server\\models\\reaction.js","statementMap":{"0":{"start":{"line":4,"column":4},"end":{"line":4,"column":24}},"1":{"start":{"line":5,"column":0},"end":{"line":44,"column":2}},"2":{"start":{"line":14,"column":6},"end":{"line":14,"column":65}},"3":{"start":{"line":15,"column":6},"end":{"line":15,"column":61}},"4":{"start":{"line":18,"column":2},"end":{"line":42,"column":5}},"5":{"start":{"line":43,"column":2},"end":{"line":43,"column":18}}},"fnMap":{"0":{"name":"(anonymous_0)","decl":{"start":{"line":5,"column":17},"end":{"line":5,"column":18}},"loc":{"start":{"line":5,"column":43},"end":{"line":44,"column":1}},"line":5},"1":{"name":"(anonymous_1)","decl":{"start":{"line":12,"column":4},"end":{"line":12,"column":5}},"loc":{"start":{"line":12,"column":29},"end":{"line":16,"column":5}},"line":12}},"branchMap":{},"s":{"0":2,"1":2,"2":2,"3":2,"4":2,"5":2},"f":{"0":2,"1":2},"b":{},"_coverageSchema":"1a1c01bbd47fc00a2c39e90264f33305004495a9","hash":"bb564daff07077ecb55a4f7909b16863f7b7a2c9"}
,"D:\\Hacktive8\\Phase-3\\Final Project\\server\\models\\thread.js": {"path":"D:\\Hacktive8\\Phase-3\\Final Project\\server\\models\\thread.js","statementMap":{"0":{"start":{"line":4,"column":4},"end":{"line":4,"column":24}},"1":{"start":{"line":5,"column":0},"end":{"line":58,"column":2}},"2":{"start":{"line":14,"column":6},"end":{"line":14,"column":59}},"3":{"start":{"line":15,"column":6},"end":{"line":15,"column":62}},"4":{"start":{"line":16,"column":6},"end":{"line":16,"column":63}},"5":{"start":{"line":17,"column":6},"end":{"line":17,"column":61}},"6":{"start":{"line":20,"column":2},"end":{"line":56,"column":5}},"7":{"start":{"line":57,"column":2},"end":{"line":57,"column":16}}},"fnMap":{"0":{"name":"(anonymous_0)","decl":{"start":{"line":5,"column":17},"end":{"line":5,"column":18}},"loc":{"start":{"line":5,"column":43},"end":{"line":58,"column":1}},"line":5},"1":{"name":"(anonymous_1)","decl":{"start":{"line":12,"column":4},"end":{"line":12,"column":5}},"loc":{"start":{"line":12,"column":29},"end":{"line":18,"column":5}},"line":12}},"branchMap":{},"s":{"0":2,"1":2,"2":2,"3":2,"4":2,"5":2,"6":2,"7":2},"f":{"0":2,"1":2},"b":{},"_coverageSchema":"1a1c01bbd47fc00a2c39e90264f33305004495a9","hash":"2eb632d552aa13a89f5f2589a1da6527110f53fc"}
,"D:\\Hacktive8\\Phase-3\\Final Project\\server\\models\\user.js": {"path":"D:\\Hacktive8\\Phase-3\\Final Project\\server\\models\\user.js","statementMap":{"0":{"start":{"line":4,"column":4},"end":{"line":4,"column":24}},"1":{"start":{"line":5,"column":21},"end":{"line":5,"column":49}},"2":{"start":{"line":6,"column":0},"end":{"line":82,"column":2}},"3":{"start":{"line":15,"column":6},"end":{"line":15,"column":57}},"4":{"start":{"line":16,"column":6},"end":{"line":16,"column":58}},"5":{"start":{"line":17,"column":6},"end":{"line":17,"column":58}},"6":{"start":{"line":18,"column":6},"end":{"line":18,"column":59}},"7":{"start":{"line":21,"column":2},"end":{"line":80,"column":5}},"8":{"start":{"line":74,"column":8},"end":{"line":74,"column":31}},"9":{"start":{"line":75,"column":8},"end":{"line":75,"column":47}},"10":{"start":{"line":81,"column":2},"end":{"line":81,"column":14}}},"fnMap":{"0":{"name":"(anonymous_0)","decl":{"start":{"line":6,"column":17},"end":{"line":6,"column":18}},"loc":{"start":{"line":6,"column":43},"end":{"line":82,"column":1}},"line":6},"1":{"name":"(anonymous_1)","decl":{"start":{"line":13,"column":4},"end":{"line":13,"column":5}},"loc":{"start":{"line":13,"column":29},"end":{"line":19,"column":5}},"line":13},"2":{"name":"(anonymous_2)","decl":{"start":{"line":73,"column":20},"end":{"line":73,"column":21}},"loc":{"start":{"line":73,"column":30},"end":{"line":76,"column":7}},"line":73}},"branchMap":{},"s":{"0":2,"1":2,"2":2,"3":2,"4":2,"5":2,"6":2,"7":2,"8":2,"9":2,"10":2},"f":{"0":2,"1":2,"2":2},"b":{},"_coverageSchema":"1a1c01bbd47fc00a2c39e90264f33305004495a9","hash":"d61458ad25b52d40f8298e7c5d37ec4d77448aa9"}
,"D:\\Hacktive8\\Phase-3\\Final Project\\server\\routes\\forumRouter.js": {"path":"D:\\Hacktive8\\Phase-3\\Final Project\\server\\routes\\forumRouter.js","statementMap":{"0":{"start":{"line":1,"column":16},"end":{"line":1,"column":34}},"1":{"start":{"line":2,"column":24},"end":{"line":2,"column":65}},"2":{"start":{"line":3,"column":20},"end":{"line":3,"column":36}},"3":{"start":{"line":5,"column":0},"end":{"line":5,"column":47}},"4":{"start":{"line":6,"column":0},"end":{"line":6,"column":59}},"5":{"start":{"line":7,"column":0},"end":{"line":7,"column":28}}},"fnMap":{},"branchMap":{},"s":{"0":2,"1":2,"2":2,"3":2,"4":2,"5":2},"f":{},"b":{},"_coverageSchema":"1a1c01bbd47fc00a2c39e90264f33305004495a9","hash":"b615265bf1adff1cd0106ea09f89830dc3c61ffc"}
,"D:\\Hacktive8\\Phase-3\\Final Project\\server\\routes\\index.js": {"path":"D:\\Hacktive8\\Phase-3\\Final Project\\server\\routes\\index.js","statementMap":{"0":{"start":{"line":1,"column":16},"end":{"line":1,"column":34}},"1":{"start":{"line":2,"column":15},"end":{"line":2,"column":31}},"2":{"start":{"line":4,"column":21},"end":{"line":4,"column":46}},"3":{"start":{"line":5,"column":21},"end":{"line":5,"column":59}},"4":{"start":{"line":6,"column":20},"end":{"line":6,"column":44}},"5":{"start":{"line":7,"column":23},"end":{"line":7,"column":63}},"6":{"start":{"line":8,"column":27},"end":{"line":8,"column":57}},"7":{"start":{"line":9,"column":23},"end":{"line":9,"column":50}},"8":{"start":{"line":12,"column":0},"end":{"line":12,"column":43}},"9":{"start":{"line":14,"column":0},"end":{"line":14,"column":36}},"10":{"start":{"line":15,"column":0},"end":{"line":15,"column":34}},"11":{"start":{"line":17,"column":0},"end":{"line":17,"column":42}},"12":{"start":{"line":18,"column":0},"end":{"line":18,"column":24}},"13":{"start":{"line":22,"column":0},"end":{"line":22,"column":23}}},"fnMap":{},"branchMap":{},"s":{"0":2,"1":2,"2":2,"3":2,"4":2,"5":2,"6":2,"7":2,"8":2,"9":2,"10":2,"11":2,"12":2,"13":2},"f":{},"b":{},"_coverageSchema":"1a1c01bbd47fc00a2c39e90264f33305004495a9","hash":"32320df999f7bacd05ac5c284537f49b0ca563b0"}
,"D:\\Hacktive8\\Phase-3\\Final Project\\server\\routes\\questionRouter.js": {"path":"D:\\Hacktive8\\Phase-3\\Final Project\\server\\routes\\questionRouter.js","statementMap":{"0":{"start":{"line":1,"column":16},"end":{"line":1,"column":34}},"1":{"start":{"line":2,"column":22},"end":{"line":2,"column":61}},"2":{"start":{"line":3,"column":23},"end":{"line":3,"column":39}},"3":{"start":{"line":5,"column":0},"end":{"line":5,"column":50}},"4":{"start":{"line":7,"column":0},"end":{"line":7,"column":31}}},"fnMap":{},"branchMap":{},"s":{"0":2,"1":2,"2":2,"3":2,"4":2},"f":{},"b":{},"_coverageSchema":"1a1c01bbd47fc00a2c39e90264f33305004495a9","hash":"68291845f9c0bd73ae96e428fe4bfafd83a6e879"}
,"D:\\Hacktive8\\Phase-3\\Final Project\\server\\routes\\threadRouter.js": {"path":"D:\\Hacktive8\\Phase-3\\Final Project\\server\\routes\\threadRouter.js","statementMap":{"0":{"start":{"line":1,"column":16},"end":{"line":1,"column":34}},"1":{"start":{"line":2,"column":25},"end":{"line":2,"column":67}},"2":{"start":{"line":3,"column":21},"end":{"line":3,"column":37}},"3":{"start":{"line":5,"column":0},"end":{"line":5,"column":50}},"4":{"start":{"line":7,"column":0},"end":{"line":7,"column":29}}},"fnMap":{},"branchMap":{},"s":{"0":2,"1":2,"2":2,"3":2,"4":2},"f":{},"b":{},"_coverageSchema":"1a1c01bbd47fc00a2c39e90264f33305004495a9","hash":"9c2bd88f3605495ca7d6b110933e1a2cea2cb08a"}
}
