TN:
SF:app.js
FN:22,(anonymous_0)
FNF:1
FNH:0
FNDA:0,(anonymous_0)
DA:1,2
DA:3,2
DA:5,2
DA:6,2
DA:8,2
DA:9,2
DA:11,2
DA:13,2
DA:14,2
DA:17,2
DA:18,2
DA:19,2
DA:20,2
DA:22,2
DA:26,2
LF:15
LH:15
BRDA:1,0,0,2
BRDA:1,0,1,0
BRF:2
BRH:1
end_of_record
TN:
SF:config_socket\socket.js
FN:4,configureSocket
FN:12,(anonymous_1)
FN:16,(anonymous_2)
FN:24,(anonymous_3)
FN:30,(anonymous_4)
FN:39,(anonymous_5)
FN:56,(anonymous_6)
FNF:7
FNH:5
FNDA:2,configureSocket
FNDA:1,(anonymous_1)
FNDA:1,(anonymous_2)
FNDA:0,(anonymous_3)
FNDA:1,(anonymous_4)
FNDA:1,(anonymous_5)
FNDA:0,(anonymous_6)
DA:1,2
DA:2,2
DA:5,2
DA:12,2
DA:16,1
DA:17,1
DA:18,1
DA:24,1
DA:25,0
DA:26,0
DA:27,0
DA:30,1
DA:33,1
DA:38,1
DA:41,1
DA:43,1
DA:45,1
DA:58,0
DA:67,2
DA:70,2
LF:20
LH:16
BRF:0
BRH:0
end_of_record
TN:
SF:controllers\askController.js
FN:8,(anonymous_0)
FNF:1
FNH:1
FNDA:1,(anonymous_0)
DA:1,2
DA:3,2
DA:7,2
DA:9,1
DA:10,1
DA:11,1
DA:13,1
DA:14,1
DA:15,0
DA:16,0
DA:17,0
DA:18,0
DA:20,0
DA:23,1
DA:33,0
DA:34,0
DA:36,0
DA:37,0
LF:18
LH:9
BRDA:13,0,0,1
BRDA:13,0,1,0
BRDA:15,1,0,0
BRDA:15,1,1,0
BRDA:17,2,0,0
BRDA:17,2,1,0
BRF:6
BRH:1
end_of_record
TN:
SF:controllers\authController.js
FN:5,(anonymous_0)
FNF:1
FNH:0
FNDA:0,(anonymous_0)
DA:1,2
DA:2,2
DA:4,2
DA:6,0
DA:7,0
DA:9,0
DA:10,0
DA:13,0
DA:14,0
DA:17,0
DA:19,0
DA:20,0
DA:23,0
DA:25,0
DA:28,0
LF:15
LH:3
BRDA:9,0,0,0
BRDA:9,0,1,0
BRDA:13,1,0,0
BRDA:13,1,1,0
BRDA:19,2,0,0
BRDA:19,2,1,0
BRF:6
BRH:0
end_of_record
TN:
SF:controllers\commentController.js
FN:5,(anonymous_0)
FNF:1
FNH:1
FNDA:1,(anonymous_0)
DA:1,2
DA:3,2
DA:6,1
DA:8,1
DA:11,1
DA:13,0
LF:6
LH:5
BRF:0
BRH:0
end_of_record
TN:
SF:controllers\forumController.js
FN:5,(anonymous_0)
FN:18,(anonymous_1)
FNF:2
FNH:0
FNDA:0,(anonymous_0)
FNDA:0,(anonymous_1)
DA:1,2
DA:3,2
DA:6,0
DA:7,0
DA:12,0
DA:14,0
DA:19,0
DA:20,0
DA:21,0
DA:27,0
DA:28,0
DA:31,0
DA:33,0
LF:13
LH:2
BRDA:27,0,0,0
BRDA:27,0,1,0
BRF:2
BRH:0
end_of_record
TN:
SF:controllers\threadController.js
FN:3,(anonymous_0)
FNF:1
FNH:0
FNDA:0,(anonymous_0)
DA:4,0
DA:5,0
DA:6,0
DA:7,0
DA:9,0
DA:11,0
DA:13,0
DA:18,2
LF:8
LH:1
BRDA:9,0,0,0
BRDA:9,0,1,0
BRF:2
BRH:0
end_of_record
TN:
SF:helpers\bcrypt.js
FN:3,(anonymous_0)
FN:7,(anonymous_1)
FNF:2
FNH:1
FNDA:4,(anonymous_0)
FNDA:0,(anonymous_1)
DA:1,2
DA:3,2
DA:4,4
DA:7,2
DA:8,0
DA:11,2
LF:6
LH:5
BRF:0
BRH:0
end_of_record
TN:
SF:helpers\jwt.js
FN:3,(anonymous_0)
FN:7,(anonymous_1)
FNF:2
FNH:1
FNDA:4,(anonymous_0)
FNDA:0,(anonymous_1)
DA:1,2
DA:3,2
DA:4,4
DA:7,2
DA:8,0
DA:11,2
LF:6
LH:5
BRF:0
BRH:0
end_of_record
TN:
SF:middlewares\auth.js
FN:4,authentication
FN:23,authorization
FNF:2
FNH:0
FNDA:0,authentication
FNDA:0,authorization
DA:1,2
DA:2,2
DA:5,0
DA:6,0
DA:8,0
DA:10,0
DA:12,0
DA:13,0
DA:16,0
DA:17,0
DA:19,0
DA:24,0
DA:25,0
DA:27,0
DA:29,0
DA:30,0
DA:35,0
DA:37,0
DA:41,2
LF:19
LH:3
BRDA:12,0,0,0
BRDA:12,0,1,0
BRDA:29,1,0,0
BRDA:29,1,1,0
BRF:4
BRH:0
end_of_record
TN:
SF:middlewares\errorHandler.js
FN:3,errorHandler
FNF:1
FNH:0
FNDA:0,errorHandler
DA:4,0
DA:5,0
DA:8,0
DA:10,0
DA:11,0
DA:12,0
DA:14,0
DA:15,0
DA:16,0
DA:18,0
DA:19,0
DA:20,0
DA:22,0
DA:23,0
DA:24,0
DA:26,0
DA:27,0
DA:28,0
DA:30,0
DA:31,0
DA:32,0
DA:34,0
DA:35,0
DA:36,0
DA:38,0
DA:39,0
DA:40,0
DA:43,0
DA:46,2
LF:29
LH:1
BRDA:4,0,0,0
BRDA:4,0,1,0
BRDA:5,1,0,0
BRDA:5,1,1,0
BRDA:8,2,0,0
BRDA:8,2,1,0
BRDA:8,2,2,0
BRDA:8,2,3,0
BRDA:8,2,4,0
BRDA:8,2,5,0
BRDA:8,2,6,0
BRDA:8,2,7,0
BRF:12
BRH:0
end_of_record
TN:
SF:models\comment.js
FN:5,(anonymous_0)
FN:12,(anonymous_1)
FNF:2
FNH:2
FNDA:2,(anonymous_0)
FNDA:2,(anonymous_1)
DA:4,2
DA:5,2
DA:14,2
DA:15,2
DA:18,2
DA:51,2
LF:6
LH:6
BRF:0
BRH:0
end_of_record
TN:
SF:models\forum.js
FN:5,(anonymous_0)
FN:12,(anonymous_1)
FNF:2
FNH:2
FNDA:2,(anonymous_0)
FNDA:2,(anonymous_1)
DA:4,2
DA:5,2
DA:14,2
DA:17,2
DA:38,2
LF:5
LH:5
BRF:0
BRH:0
end_of_record
TN:
SF:models\index.js
FN:21,(anonymous_0)
FN:29,(anonymous_1)
FN:34,(anonymous_2)
FNF:3
FNH:3
FNDA:14,(anonymous_0)
FNDA:12,(anonymous_1)
FNDA:12,(anonymous_2)
DA:3,2
DA:4,2
DA:5,2
DA:6,2
DA:7,2
DA:8,2
DA:9,2
DA:10,2
DA:13,2
DA:14,0
DA:16,2
DA:19,2
DA:22,14
DA:30,12
DA:31,12
DA:34,2
DA:35,12
DA:36,12
DA:40,2
DA:41,2
DA:43,2
LF:21
LH:20
BRDA:8,0,0,2
BRDA:8,0,1,0
BRDA:13,1,0,0
BRDA:13,1,1,2
BRDA:23,2,0,14
BRDA:23,2,1,14
BRDA:23,2,2,12
BRDA:23,2,3,12
BRDA:35,3,0,12
BRDA:35,3,1,0
BRF:10
BRH:7
end_of_record
TN:
SF:models\myplant.js
FN:5,(anonymous_0)
FN:12,(anonymous_1)
FNF:2
FNH:2
FNDA:2,(anonymous_0)
FNDA:2,(anonymous_1)
DA:4,2
DA:5,2
DA:14,2
DA:18,2
DA:47,2
LF:5
LH:5
BRF:0
BRH:0
end_of_record
TN:
SF:models\reaction.js
FN:5,(anonymous_0)
FN:12,(anonymous_1)
FNF:2
FNH:2
FNDA:2,(anonymous_0)
FNDA:2,(anonymous_1)
DA:4,2
DA:5,2
DA:14,2
DA:15,2
DA:18,2
DA:43,2
LF:6
LH:6
BRF:0
BRH:0
end_of_record
TN:
SF:models\thread.js
FN:5,(anonymous_0)
FN:12,(anonymous_1)
FNF:2
FNH:2
FNDA:2,(anonymous_0)
FNDA:2,(anonymous_1)
DA:4,2
DA:5,2
DA:14,2
DA:15,2
DA:16,2
DA:17,2
DA:20,2
DA:57,2
LF:8
LH:8
BRF:0
BRH:0
end_of_record
TN:
SF:models\user.js
FN:6,(anonymous_0)
FN:13,(anonymous_1)
FN:73,(anonymous_2)
FNF:3
FNH:3
FNDA:2,(anonymous_0)
FNDA:2,(anonymous_1)
FNDA:2,(anonymous_2)
DA:4,2
DA:5,2
DA:6,2
DA:15,2
DA:16,2
DA:17,2
DA:18,2
DA:21,2
DA:74,2
DA:75,2
DA:81,2
LF:11
LH:11
BRF:0
BRH:0
end_of_record
TN:
SF:routes\forumRouter.js
FNF:0
FNH:0
DA:1,2
DA:2,2
DA:3,2
DA:5,2
DA:6,2
DA:7,2
LF:6
LH:6
BRF:0
BRH:0
end_of_record
TN:
SF:routes\index.js
FNF:0
FNH:0
DA:1,2
DA:2,2
DA:4,2
DA:5,2
DA:6,2
DA:7,2
DA:8,2
DA:9,2
DA:12,2
DA:14,2
DA:15,2
DA:17,2
DA:18,2
DA:22,2
LF:14
LH:14
BRF:0
BRH:0
end_of_record
TN:
SF:routes\questionRouter.js
FNF:0
FNH:0
DA:1,2
DA:2,2
DA:3,2
DA:5,2
DA:7,2
LF:5
LH:5
BRF:0
BRH:0
end_of_record
TN:
SF:routes\threadRouter.js
FNF:0
FNH:0
DA:1,2
DA:2,2
DA:3,2
DA:5,2
DA:7,2
LF:5
LH:5
BRF:0
BRH:0
end_of_record
