TN:
SF:app.js
FNF:0
FNH:0
DA:1,2
DA:3,2
DA:4,2
DA:5,2
DA:7,2
DA:8,2
DA:10,2
DA:11,2
DA:12,2
DA:13,2
DA:18,2
LF:11
LH:11
BRDA:1,0,0,2
BRDA:1,0,1,0
BRDA:5,1,0,2
BRDA:5,1,1,0
BRF:4
BRH:2
end_of_record
TN:
SF:controllers/threadController.js
FN:7,(anonymous_0)
FN:20,(anonymous_1)
FN:38,(anonymous_2)
FN:82,(anonymous_3)
FN:89,(anonymous_4)
FN:90,(anonymous_5)
FN:97,(anonymous_6)
FN:125,(anonymous_7)
FN:137,(anonymous_8)
FNF:9
FNH:5
FNDA:2,(anonymous_0)
FNDA:3,(anonymous_1)
FNDA:2,(anonymous_2)
FNDA:0,(anonymous_3)
FNDA:0,(anonymous_4)
FNDA:0,(anonymous_5)
FNDA:0,(anonymous_6)
FNDA:2,(anonymous_7)
FNDA:1,(anonymous_8)
DA:1,2
DA:3,2
DA:8,2
DA:9,2
DA:11,2
DA:12,2
DA:14,0
DA:16,0
DA:21,3
DA:22,3
DA:23,3
DA:24,3
DA:26,3
DA:28,2
DA:30,2
DA:32,2
DA:34,0
DA:39,2
DA:40,2
DA:41,2
DA:42,2
DA:43,2
DA:44,2
DA:45,2
DA:47,2
DA:48,0
DA:50,2
DA:83,0
DA:84,0
DA:85,0
DA:87,0
DA:88,0
DA:89,0
DA:90,0
DA:91,0
DA:93,0
DA:98,0
DA:99,0
DA:100,0
DA:101,0
DA:103,0
DA:104,0
DA:106,0
DA:107,0
DA:109,0
DA:126,2
DA:127,2
DA:129,2
DA:130,2
DA:131,2
DA:133,0
DA:138,1
DA:139,1
DA:140,1
DA:142,1
DA:143,1
DA:145,0
DA:150,2
LF:58
LH:34
BRDA:12,0,0,2
BRDA:12,0,1,0
BRDA:26,1,0,1
BRDA:26,1,1,2
BRDA:28,2,0,1
BRDA:28,2,1,1
BRDA:41,3,0,0
BRDA:41,3,1,2
BRDA:88,4,0,0
BRDA:88,4,1,0
BRDA:104,5,0,0
BRDA:104,5,1,0
BRDA:130,6,0,0
BRDA:130,6,1,2
BRF:14
BRH:7
end_of_record
TN:
SF:controllers/userController.js
FN:7,(anonymous_0)
FN:33,(anonymous_1)
FN:78,(anonymous_2)
FN:114,(anonymous_3)
FN:125,(anonymous_4)
FN:134,(anonymous_5)
FN:150,(anonymous_6)
FN:189,(anonymous_7)
FN:207,(anonymous_8)
FN:210,(anonymous_9)
FN:213,(anonymous_10)
FN:215,(anonymous_11)
FN:218,(anonymous_12)
FN:222,(anonymous_13)
FN:231,(anonymous_14)
FN:237,(anonymous_15)
FN:242,(anonymous_16)
FN:258,(anonymous_17)
FN:267,(anonymous_18)
FNF:19
FNH:10
FNDA:4,(anonymous_0)
FNDA:8,(anonymous_1)
FNDA:2,(anonymous_2)
FNDA:1,(anonymous_3)
FNDA:1,(anonymous_4)
FNDA:0,(anonymous_5)
FNDA:3,(anonymous_6)
FNDA:0,(anonymous_7)
FNDA:2,(anonymous_8)
FNDA:2,(anonymous_9)
FNDA:1,(anonymous_10)
FNDA:1,(anonymous_11)
FNDA:0,(anonymous_12)
FNDA:0,(anonymous_13)
FNDA:0,(anonymous_14)
FNDA:0,(anonymous_15)
FNDA:0,(anonymous_16)
FNDA:0,(anonymous_17)
FNDA:0,(anonymous_18)
DA:1,2
DA:2,2
DA:3,2
DA:4,2
DA:8,4
DA:9,4
DA:11,4
DA:12,1
DA:15,3
DA:16,1
DA:19,2
DA:21,2
DA:22,1
DA:25,1
DA:27,1
DA:29,3
DA:34,8
DA:35,8
DA:36,8
DA:38,8
DA:40,1
DA:42,7
DA:79,2
DA:80,2
DA:81,2
DA:86,2
DA:87,1
DA:90,1
DA:92,1
DA:115,1
DA:116,1
DA:117,1
DA:119,1
DA:121,0
DA:126,1
DA:127,1
DA:128,1
DA:130,0
DA:135,0
DA:136,0
DA:138,0
DA:140,0
DA:141,0
DA:144,0
DA:146,0
DA:151,3
DA:152,3
DA:153,3
DA:154,1
DA:156,2
DA:157,1
DA:160,1
DA:161,1
DA:162,1
DA:163,1
DA:164,1
DA:166,2
DA:190,0
DA:191,0
DA:193,0
DA:195,0
DA:196,0
DA:199,0
DA:201,0
DA:203,0
DA:208,2
DA:209,2
DA:210,2
DA:211,2
DA:212,1
DA:214,1
DA:216,1
DA:219,0
DA:223,0
DA:227,0
DA:232,0
DA:235,0
DA:237,0
DA:238,0
DA:239,0
DA:242,0
DA:243,0
DA:244,0
DA:248,0
DA:252,0
DA:254,0
DA:259,0
DA:260,0
DA:261,0
DA:263,0
DA:268,0
DA:269,0
DA:270,0
DA:272,0
DA:273,0
DA:275,0
DA:276,0
DA:277,0
DA:278,0
DA:280,0
DA:282,0
DA:284,0
DA:289,2
LF:103
LH:56
BRDA:11,0,0,1
BRDA:11,0,1,3
BRDA:15,1,0,1
BRDA:15,1,1,2
BRDA:21,2,0,1
BRDA:21,2,1,1
BRDA:21,3,0,2
BRDA:21,3,1,1
BRDA:86,4,0,1
BRDA:86,4,1,1
BRDA:140,5,0,0
BRDA:140,5,1,0
BRDA:153,6,0,1
BRDA:153,6,1,2
BRDA:156,7,0,1
BRDA:156,7,1,1
BRDA:195,8,0,0
BRDA:195,8,1,0
BRDA:211,9,0,1
BRDA:211,9,1,1
BRDA:238,10,0,0
BRDA:238,10,1,0
BRDA:243,11,0,0
BRDA:243,11,1,0
BRDA:275,12,0,0
BRDA:275,12,1,0
BRF:26
BRH:16
end_of_record
TN:
SF:helpers/bcrypt.js
FN:3,(anonymous_0)
FN:7,(anonymous_1)
FNF:2
FNH:2
FNDA:8,(anonymous_0)
FNDA:1,(anonymous_1)
DA:1,2
DA:3,2
DA:4,8
DA:7,2
DA:8,1
DA:11,2
LF:6
LH:6
BRF:0
BRH:0
end_of_record
TN:
SF:helpers/jwt.js
FN:3,(anonymous_0)
FN:7,(anonymous_1)
FNF:2
FNH:2
FNDA:7,(anonymous_0)
FNDA:28,(anonymous_1)
DA:1,2
DA:3,2
DA:4,7
DA:7,2
DA:8,28
DA:11,2
LF:6
LH:6
BRF:0
BRH:0
end_of_record
TN:
SF:helpers/tensorflow.js
FN:10,(anonymous_0)
FN:10,(anonymous_1)
FN:14,(anonymous_2)
FN:29,(anonymous_3)
FNF:4
FNH:4
FNDA:1,(anonymous_0)
FNDA:1,(anonymous_1)
FNDA:2,(anonymous_2)
FNDA:1,(anonymous_3)
DA:1,2
DA:2,2
DA:4,2
DA:5,2
DA:7,2
DA:8,2
DA:10,2
DA:12,2
DA:15,2
DA:17,2
DA:21,2
DA:22,2
DA:23,1
DA:27,2
DA:29,2
DA:30,1
DA:31,1
DA:33,1
DA:34,1
DA:36,1
DA:38,1
DA:40,1
DA:41,1
DA:42,1
DA:43,1
DA:45,0
DA:49,2
LF:27
LH:26
BRDA:22,0,0,1
BRDA:22,0,1,1
BRDA:22,1,0,2
BRDA:22,1,1,1
BRF:4
BRH:4
end_of_record
TN:
SF:middlewares/auth.js
FN:4,authentication
FNF:1
FNH:1
FNDA:28,authentication
DA:1,2
DA:2,2
DA:5,28
DA:6,28
DA:7,28
DA:8,28
DA:9,28
DA:11,28
DA:12,5
DA:15,23
DA:16,23
DA:18,5
DA:43,2
LF:13
LH:13
BRDA:11,0,0,5
BRDA:11,0,1,23
BRF:2
BRH:2
end_of_record
TN:
SF:middlewares/errorHandler.js
FN:3,errorHandler
FNF:1
FNH:1
FNDA:21,errorHandler
DA:4,21
DA:5,21
DA:6,21
DA:9,21
DA:11,1
DA:12,1
DA:13,1
DA:15,1
DA:16,1
DA:17,1
DA:19,1
DA:20,1
DA:21,1
DA:23,8
DA:24,8
DA:25,8
DA:27,6
DA:28,6
DA:29,6
DA:31,0
DA:32,0
DA:33,0
DA:35,0
DA:36,0
DA:37,0
DA:39,1
DA:40,1
DA:41,1
DA:43,0
DA:44,0
DA:46,1
DA:47,1
DA:48,1
DA:50,1
DA:51,1
DA:52,1
DA:54,1
DA:55,1
DA:58,21
DA:59,21
DA:62,2
LF:41
LH:33
BRDA:5,0,0,21
BRDA:5,0,1,21
BRDA:6,1,0,21
BRDA:6,1,1,11
BRDA:9,2,0,1
BRDA:9,2,1,1
BRDA:9,2,2,1
BRDA:9,2,3,8
BRDA:9,2,4,6
BRDA:9,2,5,0
BRDA:9,2,6,0
BRDA:9,2,7,1
BRDA:9,2,8,0
BRDA:9,2,9,1
BRDA:9,2,10,1
BRDA:9,2,11,1
BRF:16
BRH:13
end_of_record
TN:
SF:middlewares/imgBodyParser.js
FN:20,(anonymous_0)
FN:23,(anonymous_1)
FN:28,(anonymous_2)
FNF:3
FNH:3
FNDA:4,(anonymous_0)
FNDA:4,(anonymous_1)
FNDA:5,(anonymous_2)
DA:1,2
DA:3,2
DA:4,2
DA:5,2
DA:7,2
DA:9,2
DA:10,2
DA:16,2
DA:21,4
DA:24,4
DA:30,5
DA:32,5
DA:36,5
DA:37,5
DA:38,1
DA:43,2
LF:16
LH:16
BRDA:37,0,0,4
BRDA:37,0,1,1
BRDA:37,1,0,5
BRDA:37,1,1,4
BRF:4
BRH:4
end_of_record
TN:
SF:models/comment.js
FN:5,(anonymous_0)
FN:12,(anonymous_1)
FNF:2
FNH:2
FNDA:2,(anonymous_0)
FNDA:2,(anonymous_1)
DA:4,2
DA:5,2
DA:14,2
DA:15,2
DA:18,2
DA:51,2
LF:6
LH:6
BRF:0
BRH:0
end_of_record
TN:
SF:models/forum.js
FN:5,(anonymous_0)
FN:12,(anonymous_1)
FNF:2
FNH:2
FNDA:2,(anonymous_0)
FNDA:2,(anonymous_1)
DA:4,2
DA:5,2
DA:14,2
DA:17,2
DA:38,2
LF:5
LH:5
BRF:0
BRH:0
end_of_record
TN:
SF:models/index.js
FN:21,(anonymous_0)
FN:29,(anonymous_1)
FN:34,(anonymous_2)
FNF:3
FNH:3
FNDA:20,(anonymous_0)
FNDA:18,(anonymous_1)
FNDA:18,(anonymous_2)
DA:3,2
DA:4,2
DA:5,2
DA:6,2
DA:7,2
DA:8,2
DA:9,2
DA:10,2
DA:13,2
DA:14,0
DA:16,2
DA:19,2
DA:22,20
DA:30,18
DA:31,18
DA:34,2
DA:35,18
DA:36,18
DA:40,2
DA:41,2
DA:43,2
LF:21
LH:20
BRDA:8,0,0,2
BRDA:8,0,1,0
BRDA:13,1,0,0
BRDA:13,1,1,2
BRDA:23,2,0,20
BRDA:23,2,1,20
BRDA:23,2,2,18
BRDA:23,2,3,18
BRDA:35,3,0,18
BRDA:35,3,1,0
BRF:10
BRH:7
end_of_record
TN:
SF:models/myplant.js
FN:5,(anonymous_0)
FN:12,(anonymous_1)
FNF:2
FNH:2
FNDA:2,(anonymous_0)
FNDA:2,(anonymous_1)
DA:4,2
DA:5,2
DA:14,2
DA:15,2
DA:18,2
DA:53,2
LF:6
LH:6
BRF:0
BRH:0
end_of_record
TN:
SF:models/myreward.js
FN:5,(anonymous_0)
FN:12,(anonymous_1)
FNF:2
FNH:2
FNDA:2,(anonymous_0)
FNDA:2,(anonymous_1)
DA:4,2
DA:5,2
DA:14,2
DA:15,2
DA:18,2
DA:25,2
LF:6
LH:6
BRF:0
BRH:0
end_of_record
TN:
SF:models/plant.js
FN:5,(anonymous_0)
FN:12,(anonymous_1)
FNF:2
FNH:2
FNDA:2,(anonymous_0)
FNDA:2,(anonymous_1)
DA:4,2
DA:5,2
DA:14,2
DA:17,2
DA:26,2
LF:5
LH:5
BRF:0
BRH:0
end_of_record
TN:
SF:models/reaction.js
FN:5,(anonymous_0)
FN:12,(anonymous_1)
FNF:2
FNH:2
FNDA:2,(anonymous_0)
FNDA:2,(anonymous_1)
DA:4,2
DA:5,2
DA:14,2
DA:15,2
DA:18,2
DA:43,2
LF:6
LH:6
BRF:0
BRH:0
end_of_record
TN:
SF:models/reward.js
FN:5,(anonymous_0)
FN:12,(anonymous_1)
FNF:2
FNH:2
FNDA:2,(anonymous_0)
FNDA:2,(anonymous_1)
DA:4,2
DA:5,2
DA:14,2
DA:17,2
DA:26,2
LF:5
LH:5
BRF:0
BRH:0
end_of_record
TN:
SF:models/thread.js
FN:5,(anonymous_0)
FN:12,(anonymous_1)
FNF:2
FNH:2
FNDA:2,(anonymous_0)
FNDA:2,(anonymous_1)
DA:4,2
DA:5,2
DA:14,2
DA:15,2
DA:16,2
DA:17,2
DA:20,2
DA:65,2
LF:8
LH:8
BRF:0
BRH:0
end_of_record
TN:
SF:models/user.js
FN:6,(anonymous_0)
FN:13,(anonymous_1)
FN:70,(anonymous_2)
FN:75,(anonymous_3)
FNF:4
FNH:3
FNDA:2,(anonymous_0)
FNDA:2,(anonymous_1)
FNDA:5,(anonymous_2)
FNDA:0,(anonymous_3)
DA:4,2
DA:5,2
DA:6,2
DA:15,2
DA:16,2
DA:17,2
DA:18,2
DA:19,2
DA:22,2
DA:71,5
DA:72,5
DA:73,5
DA:76,0
DA:82,2
LF:14
LH:13
BRF:0
BRH:0
end_of_record
TN:
SF:routes/index.js
FN:8,(anonymous_0)
FNF:1
FNH:0
FNDA:0,(anonymous_0)
DA:1,2
DA:2,2
DA:4,2
DA:5,2
DA:6,2
DA:8,2
DA:9,0
DA:11,2
DA:12,2
DA:14,2
DA:18,2
LF:11
LH:10
BRF:0
BRH:0
end_of_record
TN:
SF:routes/threadRouter.js
FNF:0
FNH:0
DA:1,2
DA:2,2
DA:3,2
DA:5,2
DA:6,2
DA:8,2
DA:12,2
DA:13,2
DA:16,2
DA:17,2
DA:19,2
DA:20,2
DA:22,2
DA:24,2
LF:14
LH:14
BRF:0
BRH:0
end_of_record
TN:
SF:routes/userRouter.js
FNF:0
FNH:0
DA:1,2
DA:2,2
DA:3,2
DA:4,2
DA:5,2
DA:7,2
DA:8,2
DA:12,2
DA:13,2
DA:14,2
DA:16,2
DA:17,2
DA:18,2
DA:19,2
DA:21,2
DA:23,2
DA:25,2
DA:26,2
DA:29,2
LF:19
LH:19
BRF:0
BRH:0
end_of_record
